<?xml version="1.0" encoding="UTF-8"?>
<testsuite xmlns:xsi="http://www.w3.org/2001/XMLSchema-instance" xsi:schemaLocation="https://maven.apache.org/surefire/maven-surefire-plugin/xsd/surefire-test-report.xsd" name="TestSuite" time="84.251" tests="79" errors="0" skipped="77" failures="1">
  <properties>
    <property name="java.runtime.name" value="Java(TM) SE Runtime Environment"/>
    <property name="sun.boot.library.path" value="C:\Program Files\Java\jdk1.8.0_131\jre\bin"/>
    <property name="java.vm.version" value="25.131-b11"/>
    <property name="java.vm.vendor" value="Oracle Corporation"/>
    <property name="maven.multiModuleProjectDirectory" value="C:\Users\Groupten\eclipse-workspace\usgbc"/>
    <property name="java.vendor.url" value="http://java.oracle.com/"/>
    <property name="path.separator" value=";"/>
    <property name="guice.disable.misplaced.annotation.check" value="true"/>
    <property name="java.vm.name" value="Java HotSpot(TM) 64-Bit Server VM"/>
    <property name="file.encoding.pkg" value="sun.io"/>
    <property name="user.script" value=""/>
    <property name="user.country" value="IN"/>
    <property name="sun.java.launcher" value="SUN_STANDARD"/>
    <property name="sun.os.patch.level" value=""/>
    <property name="java.vm.specification.name" value="Java Virtual Machine Specification"/>
    <property name="user.dir" value="C:\Users\Groupten\eclipse-workspace\usgbc"/>
    <property name="java.runtime.version" value="1.8.0_131-b11"/>
    <property name="java.awt.graphicsenv" value="sun.awt.Win32GraphicsEnvironment"/>
    <property name="java.endorsed.dirs" value="C:\Program Files\Java\jdk1.8.0_131\jre\lib\endorsed"/>
    <property name="os.arch" value="amd64"/>
    <property name="java.io.tmpdir" value="C:\Users\Groupten\AppData\Local\Temp\"/>
    <property name="line.separator" value="&#10;"/>
    <property name="java.vm.specification.vendor" value="Oracle Corporation"/>
    <property name="user.variant" value=""/>
    <property name="os.name" value="Windows 10"/>
    <property name="classworlds.conf" value="C:\Users\Groupten\eclipse-workspace\.metadata\.plugins\org.eclipse.m2e.launching\launches\m2conf2949359487793622840.tmp"/>
    <property name="sun.jnu.encoding" value="Cp1252"/>
    <property name="java.library.path" value="C:\Program Files\Java\jdk1.8.0_131\bin;C:\Windows\Sun\Java\bin;C:\Windows\system32;C:\Windows;C:/Program Files/Java/jdk1.8.0_131/bin/../jre/bin/server;C:/Program Files/Java/jdk1.8.0_131/bin/../jre/bin;C:/Program Files/Java/jdk1.8.0_131/bin/../jre/lib/amd64;C:\Program Files\Java\jdk1.8.0_131\bin;C:\ProgramData\Oracle\Java\javapath;C:\Program Files (x86)\Intel\iCLS Client\;C:\Program Files\Intel\iCLS Client\;C:\Windows\system32;C:\Windows;C:\Windows\System32\Wbem;C:\Windows\System32\WindowsPowerShell\v1.0\;C:\Program Files (x86)\Intel\Intel(R) Management Engine Components\DAL;C:\Program Files\Intel\Intel(R) Management Engine Components\DAL;C:\Program Files (x86)\Intel\Intel(R) Management Engine Components\IPT;C:\Program Files\Intel\Intel(R) Management Engine Components\IPT;C:\Program Files\Intel\WiFi\bin\;C:\Program Files\Common Files\Intel\WirelessCommon\;C:\Program Files (x86)\DevDesktop\tools;C:\ProgramData\ComposerSetup\bin;C:\xampp\php;C:\Program Files\Apache\maven\bin;C:\Program Files\Git\cmd;C:\Program Files\nodejs\;C:\Program Files (x86)\DevDesktop\php7_0;C:\Program Files\Java\jdk1.8.0_131\bin;C:\Users\Groupten\AppData\Local\Microsoft\WindowsApps;C:\bin;C:\Users\Groupten\AppData\Roaming\Composer\vendor\bin;C:\Users\Groupten\AppData\Local\GitHubDesktop\bin;C:\Program Files\phantomjs-2.1.1-windows\bin;C:\Users\Groupten\AppData\Roaming\npm;;C:\Users\Groupten\Desktop\eclipse\eclipse;;."/>
    <property name="java.specification.name" value="Java Platform API Specification"/>
    <property name="java.class.version" value="52.0"/>
    <property name="sun.management.compiler" value="HotSpot 64-Bit Tiered Compilers"/>
    <property name="os.version" value="10.0"/>
    <property name="user.home" value="C:\Users\Groupten"/>
    <property name="user.timezone" value="Asia/Calcutta"/>
    <property name="java.awt.printerjob" value="sun.awt.windows.WPrinterJob"/>
    <property name="java.specification.version" value="1.8"/>
    <property name="file.encoding" value="Cp1252"/>
    <property name="user.name" value="Groupten"/>
    <property name="java.class.path" value="/C:/Users/Groupten/Desktop/eclipse/eclipse/plugins/org.eclipse.m2e.maven.runtime_1.8.0.20170516-2042/jars/plexus-classworlds-2.5.2.jar"/>
    <property name="java.vm.specification.version" value="1.8"/>
    <property name="sun.arch.data.model" value="64"/>
    <property name="java.home" value="C:\Program Files\Java\jdk1.8.0_131\jre"/>
    <property name="sun.java.command" value="org.codehaus.plexus.classworlds.launcher.Launcher -B test"/>
    <property name="java.specification.vendor" value="Oracle Corporation"/>
    <property name="user.language" value="en"/>
    <property name="awt.toolkit" value="sun.awt.windows.WToolkit"/>
    <property name="java.vm.info" value="mixed mode"/>
    <property name="java.version" value="1.8.0_131"/>
    <property name="java.ext.dirs" value="C:\Program Files\Java\jdk1.8.0_131\jre\lib\ext;C:\Windows\Sun\Java\lib\ext"/>
    <property name="sun.boot.class.path" value="C:\Program Files\Java\jdk1.8.0_131\jre\lib\resources.jar;C:\Program Files\Java\jdk1.8.0_131\jre\lib\rt.jar;C:\Program Files\Java\jdk1.8.0_131\jre\lib\sunrsasign.jar;C:\Program Files\Java\jdk1.8.0_131\jre\lib\jsse.jar;C:\Program Files\Java\jdk1.8.0_131\jre\lib\jce.jar;C:\Program Files\Java\jdk1.8.0_131\jre\lib\charsets.jar;C:\Program Files\Java\jdk1.8.0_131\jre\lib\jfr.jar;C:\Program Files\Java\jdk1.8.0_131\jre\classes"/>
    <property name="java.vendor" value="Oracle Corporation"/>
    <property name="maven.home" value="C:\Users\Groupten\eclipse-workspace\usgbc\EMBEDDED"/>
    <property name="file.separator" value="\"/>
    <property name="java.vendor.url.bug" value="http://bugreport.sun.com/bugreport/"/>
    <property name="sun.cpu.endian" value="little"/>
    <property name="sun.io.unicode.encoding" value="UnicodeLittle"/>
    <property name="sun.desktop" value="windows"/>
    <property name="sun.cpu.isalist" value="amd64"/>
  </properties>
  <testcase name="testCommunityRegistrationForCostValidationDefault35" classname="org.usgbc.regression.CommunityRegistrationPriceValidationTest" time="25.401"/>
  <testcase name="setup" classname="org.usgbc.regression.CommunityRegistrationPriceValidationTest" time="72.949">
    <failure message="Failed to connect to binary FirefoxBinary(C:\Program Files\Mozilla Firefox\firefox.exe) on port 7055; process output follows: &#10;eURL&quot;:null,&quot;contributors&quot;:[&quot;Mozilla Contributors&quot;]},&quot;visible&quot;:true,&quot;active&quot;:true,&quot;userDisabled&quot;:false,&quot;appDisabled&quot;:false,&quot;descriptor&quot;:&quot;C:\\Program Files\\Mozilla Firefox\\browser\\extensions\\{972ce4c6-7e08-4474-a285-3208198ce6fd}.xpi&quot;,&quot;installDate&quot;:1466736750000,&quot;updateDate&quot;:1466736750000,&quot;applyBackgroundUpdates&quot;:1,&quot;skinnable&quot;:true,&quot;size&quot;:22012,&quot;sourceURI&quot;:null,&quot;releaseNotesURI&quot;:null,&quot;softDisabled&quot;:false,&quot;foreignInstall&quot;:false,&quot;hasBinaryComponents&quot;:false,&quot;strictCompatibility&quot;:true,&quot;locales&quot;:[],&quot;targetApplications&quot;:[{&quot;id&quot;:&quot;{ec8030f7-c20a-464f-9b0e-13a3a9e97384}&quot;,&quot;minVersion&quot;:&quot;47.0.1&quot;,&quot;maxVersion&quot;:&quot;47.0.1&quot;}],&quot;targetPlatforms&quot;:[],&quot;seen&quot;:true}&#10;1510808920529	addons.xpi	DEBUG	getModTime: Recursive scan of {972ce4c6-7e08-4474-a285-3208198ce6fd}&#10;1510808920531	DeferredSave.extensions.json	DEBUG	Save changes&#10;1510808920531	addons.xpi	DEBUG	Updating database with changes to installed add-ons&#10;1510808920531	addons.xpi-utils	DEBUG	Updating add-on states&#10;1510808920533	addons.xpi-utils	DEBUG	Writing add-ons list&#10;1510808920538	addons.xpi	DEBUG	Registering manifest for C:\Program Files\Mozilla Firefox\browser\features\e10srollout@mozilla.org.xpi&#10;1510808920539	addons.xpi	DEBUG	Calling bootstrap method startup on e10srollout@mozilla.org version 1.0&#10;1510808920539	addons.xpi	DEBUG	Registering manifest for C:\Program Files\Mozilla Firefox\browser\features\firefox@getpocket.com.xpi&#10;1510808920540	addons.xpi	DEBUG	Calling bootstrap method startup on firefox@getpocket.com version 1.0.2&#10;1510808920541	addons.xpi	DEBUG	Registering manifest for C:\Program Files\Mozilla Firefox\browser\features\loop@mozilla.org.xpi&#10;1510808920542	addons.xpi	DEBUG	Calling bootstrap method startup on loop@mozilla.org version 1.3.2&#10;1510808920567	addons.manager	DEBUG	Registering shutdown blocker for XPIProvider&#10;1510808920568	addons.manager	DEBUG	Provider finished startup: XPIProvider&#10;1510808920568	addons.manager	DEBUG	Starting provider: LightweightThemeManager&#10;1510808920568	addons.manager	DEBUG	Registering shutdown blocker for LightweightThemeManager&#10;1510808920568	addons.manager	DEBUG	Provider finished startup: LightweightThemeManager&#10;1510808920569	addons.manager	DEBUG	Starting provider: GMPProvider&#10;1510808920578	addons.manager	DEBUG	Registering shutdown blocker for GMPProvider&#10;1510808920578	addons.manager	DEBUG	Provider finished startup: GMPProvider&#10;1510808920579	addons.manager	DEBUG	Starting provider: PluginProvider&#10;1510808920579	addons.manager	DEBUG	Registering shutdown blocker for PluginProvider&#10;1510808920579	addons.manager	DEBUG	Provider finished startup: PluginProvider&#10;1510808920579	addons.manager	DEBUG	Completed startup sequence&#10;[GFX1]: Potential driver version mismatch ignored due to missing DLLs 0.0.0.0 and 0.0.0.0&#10;1510808921907	addons.manager	DEBUG	Starting provider: &lt;unnamed-provider&gt;&#10;1510808921907	addons.manager	DEBUG	Registering shutdown blocker for &lt;unnamed-provider&gt;&#10;1510808921907	addons.manager	DEBUG	Provider finished startup: &lt;unnamed-provider&gt;&#10;1510808921909	DeferredSave.extensions.json	DEBUG	Starting write&#10;1510808922193	addons.repository	DEBUG	No addons.json found.&#10;1510808922193	DeferredSave.addons.json	DEBUG	Save changes&#10;1510808922200	DeferredSave.addons.json	DEBUG	Starting timer&#10;1510808922230	addons.manager	DEBUG	Starting provider: PreviousExperimentProvider&#10;1510808922230	addons.manager	DEBUG	Registering shutdown blocker for PreviousExperimentProvider&#10;1510808922231	addons.manager	DEBUG	Provider finished startup: PreviousExperimentProvider&#10;1510808922235	DeferredSave.extensions.json	DEBUG	Write succeeded&#10;1510808922235	addons.xpi-utils	DEBUG	XPI Database saved, setting schema version preference to 17&#10;1510808922262	DeferredSave.addons.json	DEBUG	Starting write&#10;1510808922340	DeferredSave.addons.json	DEBUG	Write succeeded&#10;JavaScript error: chrome://fxdriver/content/server.js, line 61: uncaught exception: [object Object]&#10;JavaScript error: chrome://fxdriver/content/server.js, line 61: NS_ERROR_XPC_CI_RETURNED_FAILURE: Component returned failure code: 0x80570015 (NS_ERROR_XPC_CI_RETURNED_FAILURE) [nsIJSCID.createInstance]&#10;&#10;Build info: version: &apos;2.53.1&apos;, revision: &apos;a36b8b1cd5757287168e54b817830adce9b0158d&apos;, time: &apos;2016-06-30 19:26:09&apos;&#10;System info: host: &apos;G10GGNLT049&apos;, ip: &apos;192.168.56.1&apos;, os.name: &apos;Windows 10&apos;, os.arch: &apos;amd64&apos;, os.version: &apos;10.0&apos;, java.version: &apos;1.8.0_131&apos;&#10;Driver info: driver.version: FirefoxDriver" type="org.openqa.selenium.WebDriverException"><![CDATA[org.openqa.selenium.WebDriverException: 
Failed to connect to binary FirefoxBinary(C:\Program Files\Mozilla Firefox\firefox.exe) on port 7055; process output follows: 
eURL":null,"contributors":["Mozilla Contributors"]},"visible":true,"active":true,"userDisabled":false,"appDisabled":false,"descriptor":"C:\\Program Files\\Mozilla Firefox\\browser\\extensions\\{972ce4c6-7e08-4474-a285-3208198ce6fd}.xpi","installDate":1466736750000,"updateDate":1466736750000,"applyBackgroundUpdates":1,"skinnable":true,"size":22012,"sourceURI":null,"releaseNotesURI":null,"softDisabled":false,"foreignInstall":false,"hasBinaryComponents":false,"strictCompatibility":true,"locales":[],"targetApplications":[{"id":"{ec8030f7-c20a-464f-9b0e-13a3a9e97384}","minVersion":"47.0.1","maxVersion":"47.0.1"}],"targetPlatforms":[],"seen":true}
1510808920529	addons.xpi	DEBUG	getModTime: Recursive scan of {972ce4c6-7e08-4474-a285-3208198ce6fd}
1510808920531	DeferredSave.extensions.json	DEBUG	Save changes
1510808920531	addons.xpi	DEBUG	Updating database with changes to installed add-ons
1510808920531	addons.xpi-utils	DEBUG	Updating add-on states
1510808920533	addons.xpi-utils	DEBUG	Writing add-ons list
1510808920538	addons.xpi	DEBUG	Registering manifest for C:\Program Files\Mozilla Firefox\browser\features\e10srollout@mozilla.org.xpi
1510808920539	addons.xpi	DEBUG	Calling bootstrap method startup on e10srollout@mozilla.org version 1.0
1510808920539	addons.xpi	DEBUG	Registering manifest for C:\Program Files\Mozilla Firefox\browser\features\firefox@getpocket.com.xpi
1510808920540	addons.xpi	DEBUG	Calling bootstrap method startup on firefox@getpocket.com version 1.0.2
1510808920541	addons.xpi	DEBUG	Registering manifest for C:\Program Files\Mozilla Firefox\browser\features\loop@mozilla.org.xpi
1510808920542	addons.xpi	DEBUG	Calling bootstrap method startup on loop@mozilla.org version 1.3.2
1510808920567	addons.manager	DEBUG	Registering shutdown blocker for XPIProvider
1510808920568	addons.manager	DEBUG	Provider finished startup: XPIProvider
1510808920568	addons.manager	DEBUG	Starting provider: LightweightThemeManager
1510808920568	addons.manager	DEBUG	Registering shutdown blocker for LightweightThemeManager
1510808920568	addons.manager	DEBUG	Provider finished startup: LightweightThemeManager
1510808920569	addons.manager	DEBUG	Starting provider: GMPProvider
1510808920578	addons.manager	DEBUG	Registering shutdown blocker for GMPProvider
1510808920578	addons.manager	DEBUG	Provider finished startup: GMPProvider
1510808920579	addons.manager	DEBUG	Starting provider: PluginProvider
1510808920579	addons.manager	DEBUG	Registering shutdown blocker for PluginProvider
1510808920579	addons.manager	DEBUG	Provider finished startup: PluginProvider
1510808920579	addons.manager	DEBUG	Completed startup sequence
[GFX1]: Potential driver version mismatch ignored due to missing DLLs 0.0.0.0 and 0.0.0.0
1510808921907	addons.manager	DEBUG	Starting provider: <unnamed-provider>
1510808921907	addons.manager	DEBUG	Registering shutdown blocker for <unnamed-provider>
1510808921907	addons.manager	DEBUG	Provider finished startup: <unnamed-provider>
1510808921909	DeferredSave.extensions.json	DEBUG	Starting write
1510808922193	addons.repository	DEBUG	No addons.json found.
1510808922193	DeferredSave.addons.json	DEBUG	Save changes
1510808922200	DeferredSave.addons.json	DEBUG	Starting timer
1510808922230	addons.manager	DEBUG	Starting provider: PreviousExperimentProvider
1510808922230	addons.manager	DEBUG	Registering shutdown blocker for PreviousExperimentProvider
1510808922231	addons.manager	DEBUG	Provider finished startup: PreviousExperimentProvider
1510808922235	DeferredSave.extensions.json	DEBUG	Write succeeded
1510808922235	addons.xpi-utils	DEBUG	XPI Database saved, setting schema version preference to 17
1510808922262	DeferredSave.addons.json	DEBUG	Starting write
1510808922340	DeferredSave.addons.json	DEBUG	Write succeeded
JavaScript error: chrome://fxdriver/content/server.js, line 61: uncaught exception: [object Object]
JavaScript error: chrome://fxdriver/content/server.js, line 61: NS_ERROR_XPC_CI_RETURNED_FAILURE: Component returned failure code: 0x80570015 (NS_ERROR_XPC_CI_RETURNED_FAILURE) [nsIJSCID.createInstance]

Build info: version: '2.53.1', revision: 'a36b8b1cd5757287168e54b817830adce9b0158d', time: '2016-06-30 19:26:09'
System info: host: 'G10GGNLT049', ip: '192.168.56.1', os.name: 'Windows 10', os.arch: 'amd64', os.version: '10.0', java.version: '1.8.0_131'
Driver info: driver.version: FirefoxDriver
Caused by: org.openqa.selenium.firefox.NotConnectedException: 
Unable to connect to host 127.0.0.1 on port 7055 after 45000 ms. Firefox console output:
eURL":null,"contributors":["Mozilla Contributors"]},"visible":true,"active":true,"userDisabled":false,"appDisabled":false,"descriptor":"C:\\Program Files\\Mozilla Firefox\\browser\\extensions\\{972ce4c6-7e08-4474-a285-3208198ce6fd}.xpi","installDate":1466736750000,"updateDate":1466736750000,"applyBackgroundUpdates":1,"skinnable":true,"size":22012,"sourceURI":null,"releaseNotesURI":null,"softDisabled":false,"foreignInstall":false,"hasBinaryComponents":false,"strictCompatibility":true,"locales":[],"targetApplications":[{"id":"{ec8030f7-c20a-464f-9b0e-13a3a9e97384}","minVersion":"47.0.1","maxVersion":"47.0.1"}],"targetPlatforms":[],"seen":true}
1510808920529	addons.xpi	DEBUG	getModTime: Recursive scan of {972ce4c6-7e08-4474-a285-3208198ce6fd}
1510808920531	DeferredSave.extensions.json	DEBUG	Save changes
1510808920531	addons.xpi	DEBUG	Updating database with changes to installed add-ons
1510808920531	addons.xpi-utils	DEBUG	Updating add-on states
1510808920533	addons.xpi-utils	DEBUG	Writing add-ons list
1510808920538	addons.xpi	DEBUG	Registering manifest for C:\Program Files\Mozilla Firefox\browser\features\e10srollout@mozilla.org.xpi
1510808920539	addons.xpi	DEBUG	Calling bootstrap method startup on e10srollout@mozilla.org version 1.0
1510808920539	addons.xpi	DEBUG	Registering manifest for C:\Program Files\Mozilla Firefox\browser\features\firefox@getpocket.com.xpi
1510808920540	addons.xpi	DEBUG	Calling bootstrap method startup on firefox@getpocket.com version 1.0.2
1510808920541	addons.xpi	DEBUG	Registering manifest for C:\Program Files\Mozilla Firefox\browser\features\loop@mozilla.org.xpi
1510808920542	addons.xpi	DEBUG	Calling bootstrap method startup on loop@mozilla.org version 1.3.2
1510808920567	addons.manager	DEBUG	Registering shutdown blocker for XPIProvider
1510808920568	addons.manager	DEBUG	Provider finished startup: XPIProvider
1510808920568	addons.manager	DEBUG	Starting provider: LightweightThemeManager
1510808920568	addons.manager	DEBUG	Registering shutdown blocker for LightweightThemeManager
1510808920568	addons.manager	DEBUG	Provider finished startup: LightweightThemeManager
1510808920569	addons.manager	DEBUG	Starting provider: GMPProvider
1510808920578	addons.manager	DEBUG	Registering shutdown blocker for GMPProvider
1510808920578	addons.manager	DEBUG	Provider finished startup: GMPProvider
1510808920579	addons.manager	DEBUG	Starting provider: PluginProvider
1510808920579	addons.manager	DEBUG	Registering shutdown blocker for PluginProvider
1510808920579	addons.manager	DEBUG	Provider finished startup: PluginProvider
1510808920579	addons.manager	DEBUG	Completed startup sequence
[GFX1]: Potential driver version mismatch ignored due to missing DLLs 0.0.0.0 and 0.0.0.0
1510808921907	addons.manager	DEBUG	Starting provider: <unnamed-provider>
1510808921907	addons.manager	DEBUG	Registering shutdown blocker for <unnamed-provider>
1510808921907	addons.manager	DEBUG	Provider finished startup: <unnamed-provider>
1510808921909	DeferredSave.extensions.json	DEBUG	Starting write
1510808922193	addons.repository	DEBUG	No addons.json found.
1510808922193	DeferredSave.addons.json	DEBUG	Save changes
1510808922200	DeferredSave.addons.json	DEBUG	Starting timer
1510808922230	addons.manager	DEBUG	Starting provider: PreviousExperimentProvider
1510808922230	addons.manager	DEBUG	Registering shutdown blocker for PreviousExperimentProvider
1510808922231	addons.manager	DEBUG	Provider finished startup: PreviousExperimentProvider
1510808922235	DeferredSave.extensions.json	DEBUG	Write succeeded
1510808922235	addons.xpi-utils	DEBUG	XPI Database saved, setting schema version preference to 17
1510808922262	DeferredSave.addons.json	DEBUG	Starting write
1510808922340	DeferredSave.addons.json	DEBUG	Write succeeded
JavaScript error: chrome://fxdriver/content/server.js, line 61: uncaught exception: [object Object]
JavaScript error: chrome://fxdriver/content/server.js, line 61: NS_ERROR_XPC_CI_RETURNED_FAILURE: Component returned failure code: 0x80570015 (NS_ERROR_XPC_CI_RETURNED_FAILURE) [nsIJSCID.createInstance]

]]></failure>
    <system-out><![CDATA[--------Browser Closed--------
Report file Created
org.usgbc.utility.XlsReader@5fd9b663
]]></system-out>
    <system-err><![CDATA[org.openqa.selenium.firefox.NotConnectedException: Unable to connect to host 127.0.0.1 on port 7055 after 45000 ms. Firefox console output:
eURL":null,"contributors":["Mozilla Contributors"]},"visible":true,"active":true,"userDisabled":false,"appDisabled":false,"descriptor":"C:\\Program Files\\Mozilla Firefox\\browser\\extensions\\{972ce4c6-7e08-4474-a285-3208198ce6fd}.xpi","installDate":1466736750000,"updateDate":1466736750000,"applyBackgroundUpdates":1,"skinnable":true,"size":22012,"sourceURI":null,"releaseNotesURI":null,"softDisabled":false,"foreignInstall":false,"hasBinaryComponents":false,"strictCompatibility":true,"locales":[],"targetApplications":[{"id":"{ec8030f7-c20a-464f-9b0e-13a3a9e97384}","minVersion":"47.0.1","maxVersion":"47.0.1"}],"targetPlatforms":[],"seen":true}
1510808920529	addons.xpi	DEBUG	getModTime: Recursive scan of {972ce4c6-7e08-4474-a285-3208198ce6fd}
1510808920531	DeferredSave.extensions.json	DEBUG	Save changes
1510808920531	addons.xpi	DEBUG	Updating database with changes to installed add-ons
1510808920531	addons.xpi-utils	DEBUG	Updating add-on states
1510808920533	addons.xpi-utils	DEBUG	Writing add-ons list
1510808920538	addons.xpi	DEBUG	Registering manifest for C:\Program Files\Mozilla Firefox\browser\features\e10srollout@mozilla.org.xpi
1510808920539	addons.xpi	DEBUG	Calling bootstrap method startup on e10srollout@mozilla.org version 1.0
1510808920539	addons.xpi	DEBUG	Registering manifest for C:\Program Files\Mozilla Firefox\browser\features\firefox@getpocket.com.xpi
1510808920540	addons.xpi	DEBUG	Calling bootstrap method startup on firefox@getpocket.com version 1.0.2
1510808920541	addons.xpi	DEBUG	Registering manifest for C:\Program Files\Mozilla Firefox\browser\features\loop@mozilla.org.xpi
1510808920542	addons.xpi	DEBUG	Calling bootstrap method startup on loop@mozilla.org version 1.3.2
1510808920567	addons.manager	DEBUG	Registering shutdown blocker for XPIProvider
1510808920568	addons.manager	DEBUG	Provider finished startup: XPIProvider
1510808920568	addons.manager	DEBUG	Starting provider: LightweightThemeManager
1510808920568	addons.manager	DEBUG	Registering shutdown blocker for LightweightThemeManager
1510808920568	addons.manager	DEBUG	Provider finished startup: LightweightThemeManager
1510808920569	addons.manager	DEBUG	Starting provider: GMPProvider
1510808920578	addons.manager	DEBUG	Registering shutdown blocker for GMPProvider
1510808920578	addons.manager	DEBUG	Provider finished startup: GMPProvider
1510808920579	addons.manager	DEBUG	Starting provider: PluginProvider
1510808920579	addons.manager	DEBUG	Registering shutdown blocker for PluginProvider
1510808920579	addons.manager	DEBUG	Provider finished startup: PluginProvider
1510808920579	addons.manager	DEBUG	Completed startup sequence
[GFX1]: Potential driver version mismatch ignored due to missing DLLs 0.0.0.0 and 0.0.0.0
1510808921907	addons.manager	DEBUG	Starting provider: <unnamed-provider>
1510808921907	addons.manager	DEBUG	Registering shutdown blocker for <unnamed-provider>
1510808921907	addons.manager	DEBUG	Provider finished startup: <unnamed-provider>
1510808921909	DeferredSave.extensions.json	DEBUG	Starting write
1510808922193	addons.repository	DEBUG	No addons.json found.
1510808922193	DeferredSave.addons.json	DEBUG	Save changes
1510808922200	DeferredSave.addons.json	DEBUG	Starting timer
1510808922230	addons.manager	DEBUG	Starting provider: PreviousExperimentProvider
1510808922230	addons.manager	DEBUG	Registering shutdown blocker for PreviousExperimentProvider
1510808922231	addons.manager	DEBUG	Provider finished startup: PreviousExperimentProvider
1510808922235	DeferredSave.extensions.json	DEBUG	Write succeeded
1510808922235	addons.xpi-utils	DEBUG	XPI Database saved, setting schema version preference to 17
1510808922262	DeferredSave.addons.json	DEBUG	Starting write
1510808922340	DeferredSave.addons.json	DEBUG	Write succeeded
JavaScript error: chrome://fxdriver/content/server.js, line 61: uncaught exception: [object Object]
JavaScript error: chrome://fxdriver/content/server.js, line 61: NS_ERROR_XPC_CI_RETURNED_FAILURE: Component returned failure code: 0x80570015 (NS_ERROR_XPC_CI_RETURNED_FAILURE) [nsIJSCID.createInstance]

	at org.openqa.selenium.firefox.internal.NewProfileExtensionConnection.start(NewProfileExtensionConnection.java:113)
	at org.openqa.selenium.firefox.FirefoxDriver.startClient(FirefoxDriver.java:271)
	at org.openqa.selenium.remote.RemoteWebDriver.<init>(RemoteWebDriver.java:119)
	at org.openqa.selenium.firefox.FirefoxDriver.<init>(FirefoxDriver.java:216)
	at org.openqa.selenium.firefox.FirefoxDriver.<init>(FirefoxDriver.java:211)
	at org.openqa.selenium.firefox.FirefoxDriver.<init>(FirefoxDriver.java:207)
	at org.openqa.selenium.firefox.FirefoxDriver.<init>(FirefoxDriver.java:120)
	at org.usgbc.utility.Base.setup(Base.java:41)
	at sun.reflect.NativeMethodAccessorImpl.invoke0(Native Method)
	at sun.reflect.NativeMethodAccessorImpl.invoke(NativeMethodAccessorImpl.java:62)
	at sun.reflect.DelegatingMethodAccessorImpl.invoke(DelegatingMethodAccessorImpl.java:43)
	at java.lang.reflect.Method.invoke(Method.java:498)
	at org.testng.internal.MethodInvocationHelper.invokeMethod(MethodInvocationHelper.java:85)
	at org.testng.internal.Invoker.invokeConfigurationMethod(Invoker.java:510)
	at org.testng.internal.Invoker.invokeConfigurations(Invoker.java:211)
	at org.testng.internal.Invoker.invokeMethod(Invoker.java:585)
	at org.testng.internal.Invoker.invokeTestMethod(Invoker.java:816)
	at org.testng.internal.Invoker.invokeTestMethods(Invoker.java:1124)
	at org.testng.internal.TestMethodWorker.invokeTestMethods(TestMethodWorker.java:125)
	at org.testng.internal.TestMethodWorker.run(TestMethodWorker.java:108)
	at org.testng.TestRunner.privateRun(TestRunner.java:774)
	at org.testng.TestRunner.run(TestRunner.java:624)
	at org.testng.SuiteRunner.runTest(SuiteRunner.java:359)
	at org.testng.SuiteRunner.runSequentially(SuiteRunner.java:354)
	at org.testng.SuiteRunner.privateRun(SuiteRunner.java:312)
	at org.testng.SuiteRunner.run(SuiteRunner.java:261)
	at org.testng.SuiteRunnerWorker.runSuite(SuiteRunnerWorker.java:52)
	at org.testng.SuiteRunnerWorker.run(SuiteRunnerWorker.java:86)
	at org.testng.TestNG.runSuitesSequentially(TestNG.java:1191)
	at org.testng.TestNG.runSuitesLocally(TestNG.java:1116)
	at org.testng.TestNG.run(TestNG.java:1024)
	at org.apache.maven.surefire.testng.TestNGExecutor.run(TestNGExecutor.java:281)
	at org.apache.maven.surefire.testng.TestNGXmlTestSuite.execute(TestNGXmlTestSuite.java:75)
	at org.apache.maven.surefire.testng.TestNGProvider.invoke(TestNGProvider.java:121)
	at org.apache.maven.surefire.booter.ForkedBooter.invokeProviderInSameClassLoader(ForkedBooter.java:290)
	at org.apache.maven.surefire.booter.ForkedBooter.runSuitesInProcess(ForkedBooter.java:242)
	at org.apache.maven.surefire.booter.ForkedBooter.main(ForkedBooter.java:121)
]]></system-err>
  </testcase>
  <testcase name="setup" classname="org.usgbc.regression.CommunityRegistrationPriceValidationTest" time="0">
    <skipped/>
  </testcase>
  <testcase name="testCommunityRegistrationForCostValidationStudentMember50" classname="org.usgbc.regression.CommunityRegistrationPriceValidationTest" time="0">
    <skipped/>
  </testcase>
  <testcase name="tearDown" classname="org.usgbc.regression.CommunityRegistrationPriceValidationTest" time="0">
    <skipped/>
  </testcase>
  <testcase name="tearDown" classname="org.usgbc.regression.CommunityRegistrationPriceValidationTest" time="0">
    <skipped/>
  </testcase>
  <testcase name="testCommunityRegistrationForCostValidationEmergingprofessionalMember75" classname="org.usgbc.regression.CommunityRegistrationPriceValidationTest" time="0">
    <skipped/>
  </testcase>
  <testcase name="setup" classname="org.usgbc.regression.CommunityRegistrationTest" time="0">
    <skipped/>
  </testcase>
  <testcase name="setup" classname="org.usgbc.regression.CommunityRegistrationTest" time="0">
    <skipped/>
  </testcase>
  <testcase name="setup" classname="org.usgbc.regression.CommunityRegistrationTest" time="0">
    <skipped/>
  </testcase>
  <testcase name="setup" classname="org.usgbc.regression.CommunityRegistrationTest" time="0">
    <skipped/>
  </testcase>
  <testcase name="testCommunityRegistrationForExistingUser" classname="org.usgbc.regression.CommunityRegistrationTest" time="0">
    <skipped/>
  </testcase>
  <testcase name="tearDown" classname="org.usgbc.regression.CommunityRegistrationTest" time="0">
    <skipped/>
  </testcase>
  <testcase name="tearDown" classname="org.usgbc.regression.CommunityRegistrationTest" time="0">
    <skipped/>
  </testcase>
  <testcase name="tearDown" classname="org.usgbc.regression.CommunityRegistrationTest" time="0">
    <skipped/>
  </testcase>
  <testcase name="tearDown" classname="org.usgbc.regression.CommunityRegistrationTest" time="0">
    <skipped/>
  </testcase>
  <testcase name="testCommunityRegistrationForNonExistingUser" classname="org.usgbc.regression.CommunityRegistrationTest" time="0">
    <skipped/>
  </testcase>
  <testcase name="testCommunityRegistrationForNonExistingUserToGetRegistered" classname="org.usgbc.regression.CommunityRegistrationTest" time="0">
    <skipped/>
  </testcase>
  <testcase name="testCommunityRegistrationForNonExistingUserToGetRegistered" classname="org.usgbc.regression.CommunityRegistrationTest" time="0">
    <skipped/>
  </testcase>
  <testcase name="setup" classname="org.usgbc.regression.ErrorMessageCommRegTest" time="0">
    <skipped/>
  </testcase>
  <testcase name="setup" classname="org.usgbc.regression.ErrorMessageCommRegTest" time="0">
    <skipped/>
  </testcase>
  <testcase name="setup" classname="org.usgbc.regression.ErrorMessageCommRegTest" time="0">
    <skipped/>
  </testcase>
  <testcase name="testErrorMessagesCommReg" classname="org.usgbc.regression.ErrorMessageCommRegTest" time="0">
    <skipped/>
  </testcase>
  <testcase name="tearDown" classname="org.usgbc.regression.ErrorMessageCommRegTest" time="0">
    <skipped/>
  </testcase>
  <testcase name="tearDown" classname="org.usgbc.regression.ErrorMessageCommRegTest" time="0">
    <skipped/>
  </testcase>
  <testcase name="tearDown" classname="org.usgbc.regression.ErrorMessageCommRegTest" time="0">
    <skipped/>
  </testcase>
  <testcase name="testErrorMessagesCommRegCondition2" classname="org.usgbc.regression.ErrorMessageCommRegTest" time="0">
    <skipped/>
  </testcase>
  <testcase name="testErrorMessagesCommRegCondition3" classname="org.usgbc.regression.ErrorMessageCommRegTest" time="0">
    <skipped/>
  </testcase>
  <testcase name="setup" classname="org.usgbc.regression.UsgbcCoreTest" time="0">
    <skipped/>
  </testcase>
  <testcase name="setup" classname="org.usgbc.regression.UsgbcCoreTest" time="0">
    <skipped/>
  </testcase>
  <testcase name="setup" classname="org.usgbc.regression.UsgbcCoreTest" time="0">
    <skipped/>
  </testcase>
  <testcase name="testUsgbcCoreForExistingUser" classname="org.usgbc.regression.UsgbcCoreTest" time="0">
    <skipped/>
  </testcase>
  <testcase name="tearDown" classname="org.usgbc.regression.UsgbcCoreTest" time="0">
    <skipped/>
  </testcase>
  <testcase name="tearDown" classname="org.usgbc.regression.UsgbcCoreTest" time="0">
    <skipped/>
  </testcase>
  <testcase name="tearDown" classname="org.usgbc.regression.UsgbcCoreTest" time="0">
    <skipped/>
  </testcase>
  <testcase name="testUsgbcCoreForNonExistingUser" classname="org.usgbc.regression.UsgbcCoreTest" time="0">
    <skipped/>
  </testcase>
  <testcase name="testUsgbcCoreForNonExistingUserToGetRegistered" classname="org.usgbc.regression.UsgbcCoreTest" time="0">
    <skipped/>
  </testcase>
  <testcase name="setup" classname="org.usgbc.regression.LoggedUserTest" time="0">
    <skipped/>
  </testcase>
  <testcase name="setup" classname="org.usgbc.regression.LoggedUserTest" time="0">
    <skipped/>
  </testcase>
  <testcase name="testLoggedUser" classname="org.usgbc.regression.LoggedUserTest" time="0">
    <skipped/>
  </testcase>
  <testcase name="tearDown" classname="org.usgbc.regression.LoggedUserTest" time="0">
    <skipped/>
  </testcase>
  <testcase name="tearDown" classname="org.usgbc.regression.LoggedUserTest" time="0">
    <skipped/>
  </testcase>
  <testcase name="testLoggedUser2" classname="org.usgbc.regression.LoggedUserTest" time="0">
    <skipped/>
  </testcase>
  <testcase name="setup" classname="org.usgbc.regression.StoreTest" time="0">
    <skipped/>
  </testcase>
  <testcase name="setup" classname="org.usgbc.regression.StoreTest" time="0">
    <skipped/>
  </testcase>
  <testcase name="setup" classname="org.usgbc.regression.StoreTest" time="0">
    <skipped/>
  </testcase>
  <testcase name="setup" classname="org.usgbc.regression.StoreTest" time="0">
    <skipped/>
  </testcase>
  <testcase name="setup" classname="org.usgbc.regression.StoreTest" time="0">
    <skipped/>
  </testcase>
  <testcase name="setup" classname="org.usgbc.regression.StoreTest" time="0">
    <skipped/>
  </testcase>
  <testcase name="testShoppingCartLink" classname="org.usgbc.regression.StoreTest" time="0">
    <skipped/>
  </testcase>
  <testcase name="tearDown" classname="org.usgbc.regression.StoreTest" time="0">
    <skipped/>
  </testcase>
  <testcase name="tearDown" classname="org.usgbc.regression.StoreTest" time="0">
    <skipped/>
  </testcase>
  <testcase name="tearDown" classname="org.usgbc.regression.StoreTest" time="0">
    <skipped/>
  </testcase>
  <testcase name="tearDown" classname="org.usgbc.regression.StoreTest" time="0">
    <skipped/>
  </testcase>
  <testcase name="tearDown" classname="org.usgbc.regression.StoreTest" time="0">
    <skipped/>
  </testcase>
  <testcase name="tearDown" classname="org.usgbc.regression.StoreTest" time="0">
    <skipped/>
  </testcase>
  <testcase name="testShoppingCartLink2" classname="org.usgbc.regression.StoreTest" time="0">
    <skipped/>
  </testcase>
  <testcase name="testShoppingCartLink3" classname="org.usgbc.regression.StoreTest" time="0">
    <skipped/>
  </testcase>
  <testcase name="testStoreGreen" classname="org.usgbc.regression.StoreTest" time="0">
    <skipped/>
  </testcase>
  <testcase name="testStoreLEED" classname="org.usgbc.regression.StoreTest" time="0">
    <skipped/>
  </testcase>
  <testcase name="testStoreLEEDandGreen" classname="org.usgbc.regression.StoreTest" time="0">
    <skipped/>
  </testcase>
  <testcase name="setup" classname="org.usgbc.regression.UsgbcStoreTest" time="0">
    <skipped/>
  </testcase>
  <testcase name="setup" classname="org.usgbc.regression.UsgbcStoreTest" time="0">
    <skipped/>
  </testcase>
  <testcase name="setup" classname="org.usgbc.regression.UsgbcStoreTest" time="0">
    <skipped/>
  </testcase>
  <testcase name="setup" classname="org.usgbc.regression.UsgbcStoreTest" time="0">
    <skipped/>
  </testcase>
  <testcase name="setup" classname="org.usgbc.regression.UsgbcStoreTest" time="0">
    <skipped/>
  </testcase>
  <testcase name="testUsgbcStore" classname="org.usgbc.regression.UsgbcStoreTest" time="0">
    <skipped/>
  </testcase>
  <testcase name="tearDown" classname="org.usgbc.regression.UsgbcStoreTest" time="0">
    <skipped/>
  </testcase>
  <testcase name="tearDown" classname="org.usgbc.regression.UsgbcStoreTest" time="0">
    <skipped/>
  </testcase>
  <testcase name="tearDown" classname="org.usgbc.regression.UsgbcStoreTest" time="0">
    <skipped/>
  </testcase>
  <testcase name="tearDown" classname="org.usgbc.regression.UsgbcStoreTest" time="0">
    <skipped/>
  </testcase>
  <testcase name="tearDown" classname="org.usgbc.regression.UsgbcStoreTest" time="0">
    <skipped/>
  </testcase>
  <testcase name="testUsgbcStoreGreen" classname="org.usgbc.regression.UsgbcStoreTest" time="0">
    <skipped/>
  </testcase>
  <testcase name="testUsgbcStoreGreen2" classname="org.usgbc.regression.UsgbcStoreTest" time="0">
    <skipped/>
  </testcase>
  <testcase name="testUsgbcStoreLEED" classname="org.usgbc.regression.UsgbcStoreTest" time="0">
    <skipped/>
  </testcase>
  <testcase name="testUsgbcStoreLEED2" classname="org.usgbc.regression.UsgbcStoreTest" time="0">
    <skipped/>
  </testcase>
  <testcase name="setup" classname="org.usgbc.regression.MembershipTest" time="0">
    <skipped/>
  </testcase>
  <testcase name="testMembership" classname="org.usgbc.regression.MembershipTest" time="0">
    <skipped/>
  </testcase>
  <testcase name="tearDown" classname="org.usgbc.regression.MembershipTest" time="0">
    <skipped/>
  </testcase>
</testsuite>