<?xml version="1.0" encoding="UTF-8" ?>
<testsuite tests="29" failures="1" name="TestSuite" time="1.483" errors="0" skipped="28">
  <properties>
    <property name="java.runtime.name" value="Java(TM) SE Runtime Environment"/>
    <property name="sun.boot.library.path" value="C:\Program Files\Java\jdk1.8.0_144\jre\bin"/>
    <property name="java.vm.version" value="25.144-b01"/>
    <property name="java.vm.vendor" value="Oracle Corporation"/>
    <property name="maven.multiModuleProjectDirectory" value="C:\Users\Group10\eclipse-workspace\usgbc-testing"/>
    <property name="java.vendor.url" value="http://java.oracle.com/"/>
    <property name="path.separator" value=";"/>
    <property name="guice.disable.misplaced.annotation.check" value="true"/>
    <property name="java.vm.name" value="Java HotSpot(TM) 64-Bit Server VM"/>
    <property name="file.encoding.pkg" value="sun.io"/>
    <property name="user.script" value=""/>
    <property name="user.country" value="US"/>
    <property name="sun.java.launcher" value="SUN_STANDARD"/>
    <property name="sun.os.patch.level" value=""/>
    <property name="java.vm.specification.name" value="Java Virtual Machine Specification"/>
    <property name="user.dir" value="C:\Users\Group10\eclipse-workspace\usgbc-testing"/>
    <property name="java.runtime.version" value="1.8.0_144-b01"/>
    <property name="java.awt.graphicsenv" value="sun.awt.Win32GraphicsEnvironment"/>
    <property name="java.endorsed.dirs" value="C:\Program Files\Java\jdk1.8.0_144\jre\lib\endorsed"/>
    <property name="os.arch" value="amd64"/>
    <property name="java.io.tmpdir" value="C:\Users\Group10\AppData\Local\Temp\"/>
    <property name="line.separator" value="
"/>
    <property name="java.vm.specification.vendor" value="Oracle Corporation"/>
    <property name="user.variant" value=""/>
    <property name="os.name" value="Windows 10"/>
    <property name="classworlds.conf" value="C:\Users\Group10\eclipse-workspace\.metadata\.plugins\org.eclipse.m2e.launching\launches\m2conf2447980525263072098.tmp"/>
    <property name="sun.jnu.encoding" value="Cp1252"/>
    <property name="java.library.path" value="C:\Program Files\Java\jdk1.8.0_144\jre\bin;C:\WINDOWS\Sun\Java\bin;C:\WINDOWS\system32;C:\WINDOWS;C:/Program Files/Java/jre1.8.0_144/bin/server;C:/Program Files/Java/jre1.8.0_144/bin;C:/Program Files/Java/jre1.8.0_144/lib/amd64;C:\ProgramData\Oracle\Java\javapath;C:\Program Files (x86)\Intel\iCLS Client\;C:\Program Files\Intel\iCLS Client\;C:\WINDOWS\system32;C:\WINDOWS;C:\WINDOWS\System32\Wbem;C:\WINDOWS\System32\WindowsPowerShell\v1.0\;C:\Program Files (x86)\Intel\Intel(R) Management Engine Components\DAL;C:\Program Files\Intel\Intel(R) Management Engine Components\DAL;C:\Program Files (x86)\Intel\Intel(R) Management Engine Components\IPT;C:\Program Files\Intel\Intel(R) Management Engine Components\IPT;C:\Program Files\Intel\WiFi\bin\;C:\Program Files\Common Files\Intel\WirelessCommon\;C:\Program Files (x86)\php;C:\ProgramData\ComposerSetup\bin;C:\Program Files\nodejs\;C:\Program Files (x86)\Git\cmd;C:\Program Files (x86)\Bitvise SSH Client;C:\HashiCorp\Vagrant\bin;C:\Program Files (x86)\Skype\Phone\;C:\xampp\mysql\bin;C:\xampp\php;C:\Program Files\Java\jdk1.8.0_144\bin;C:\xampp\php;C:\Users\Group10\AppData\Roaming\Composer\vendor\bin;C:\Users\Group10\AppData\Roaming\npm;C:\Users\Group10\AppData\Local\GitHubDesktop\bin;C:\xampp\mysql\bin;C:\Program Files\Java\jdk1.8.0_144\bin;;C:\WINDOWS\System32;;."/>
    <property name="java.specification.name" value="Java Platform API Specification"/>
    <property name="java.class.version" value="52.0"/>
    <property name="sun.management.compiler" value="HotSpot 64-Bit Tiered Compilers"/>
    <property name="os.version" value="10.0"/>
    <property name="user.home" value="C:\Users\Group10"/>
    <property name="user.timezone" value="Asia/Calcutta"/>
    <property name="java.awt.printerjob" value="sun.awt.windows.WPrinterJob"/>
    <property name="java.specification.version" value="1.8"/>
    <property name="file.encoding" value="Cp1252"/>
    <property name="user.name" value="Group10"/>
    <property name="java.class.path" value="C:\Users\Group10\.p2\pool\plugins\org.eclipse.m2e.maven.runtime_1.8.2.20171007-0216\jars\plexus-classworlds-2.5.2.jar"/>
    <property name="java.vm.specification.version" value="1.8"/>
    <property name="sun.arch.data.model" value="64"/>
    <property name="java.home" value="C:\Program Files\Java\jdk1.8.0_144\jre"/>
    <property name="sun.java.command" value="org.codehaus.plexus.classworlds.launcher.Launcher -B test"/>
    <property name="java.specification.vendor" value="Oracle Corporation"/>
    <property name="user.language" value="en"/>
    <property name="awt.toolkit" value="sun.awt.windows.WToolkit"/>
    <property name="java.vm.info" value="mixed mode"/>
    <property name="java.version" value="1.8.0_144"/>
    <property name="java.ext.dirs" value="C:\Program Files\Java\jdk1.8.0_144\jre\lib\ext;C:\WINDOWS\Sun\Java\lib\ext"/>
    <property name="sun.boot.class.path" value="C:\Program Files\Java\jdk1.8.0_144\jre\lib\resources.jar;C:\Program Files\Java\jdk1.8.0_144\jre\lib\rt.jar;C:\Program Files\Java\jdk1.8.0_144\jre\lib\sunrsasign.jar;C:\Program Files\Java\jdk1.8.0_144\jre\lib\jsse.jar;C:\Program Files\Java\jdk1.8.0_144\jre\lib\jce.jar;C:\Program Files\Java\jdk1.8.0_144\jre\lib\charsets.jar;C:\Program Files\Java\jdk1.8.0_144\jre\lib\jfr.jar;C:\Program Files\Java\jdk1.8.0_144\jre\classes"/>
    <property name="java.vendor" value="Oracle Corporation"/>
    <property name="maven.home" value="C:\Users\Group10\eclipse-workspace\usgbc-testing\EMBEDDED"/>
    <property name="file.separator" value="\"/>
    <property name="java.vendor.url.bug" value="http://bugreport.sun.com/bugreport/"/>
    <property name="sun.cpu.endian" value="little"/>
    <property name="sun.io.unicode.encoding" value="UnicodeLittle"/>
    <property name="sun.desktop" value="windows"/>
    <property name="sun.cpu.isalist" value="amd64"/>
  </properties>
  <testcase classname="org.usgbc.utility.Base" name="getDriver" time="1.482">
    <failure message="org/openqa/selenium/firefox/FirefoxDriver" type="java.lang.NoClassDefFoundError">java.lang.NoClassDefFoundError: org/openqa/selenium/firefox/FirefoxDriver
	at org.usgbc.utility.Base.getDriver(Base.java:42)
Caused by: java.lang.ClassNotFoundException: org.openqa.selenium.firefox.FirefoxDriver
	at java.net.URLClassLoader.findClass(URLClassLoader.java:381)
	at java.lang.ClassLoader.loadClass(ClassLoader.java:424)
	at sun.misc.Launcher$AppClassLoader.loadClass(Launcher.java:335)
	at java.lang.ClassLoader.loadClass(ClassLoader.java:357)
	... 32 more
</failure>
    <system-out>Report file Created
org.usgbc.utility.XlsReader@18271936
</system-out>
  </testcase>
  <testcase classname="org.usgbc.regression.CommunityRegistrationCountryFieldTest" name="testCommunityRegistrationCountryField" time="0">
    <skipped/>
  </testcase>
  <testcase classname="org.usgbc.regression.CommunityRegistrationTest" name="testCommunityRegistrationForExistingUser" time="0">
    <skipped/>
  </testcase>
  <testcase classname="org.usgbc.regression.CommunityRegistrationTest" name="testCommunityRegistrationForExistingUser" time="0">
    <skipped/>
  </testcase>
  <testcase classname="org.usgbc.regression.CommunityRegistrationTest" name="testCommunityRegistrationForNonExistingUser" time="0">
    <skipped/>
  </testcase>
  <testcase classname="org.usgbc.regression.CommunityRegistrationTest" name="testCommunityRegistrationForNonExistingUserToGetRegistered" time="0">
    <skipped/>
  </testcase>
  <testcase classname="org.usgbc.regression.CommunityRegistrationTest" name="testCommunityRegistrationForNonExistingUserToGetRegistered" time="0">
    <skipped/>
  </testcase>
  <testcase classname="org.usgbc.regression.CommunityRegistrationTest" name="testCommunityRegistrationForNonExistingUserToGetRegistered" time="0">
    <skipped/>
  </testcase>
  <testcase classname="org.usgbc.regression.ErrorMessageCommRegTest" name="testErrorMessagesCommReg" time="0">
    <skipped/>
  </testcase>
  <testcase classname="org.usgbc.regression.ErrorMessageCommRegTest" name="testErrorMessagesCommRegCondition2" time="0">
    <skipped/>
  </testcase>
  <testcase classname="org.usgbc.regression.ErrorMessageCommRegTest" name="testErrorMessagesCommRegCondition3" time="0">
    <skipped/>
  </testcase>
  <testcase classname="org.usgbc.regression.LoggedUserTest" name="testLoggedUser" time="0">
    <skipped/>
  </testcase>
  <testcase classname="org.usgbc.regression.LoggedUserTest" name="testLoggedUser2" time="0">
    <skipped/>
  </testcase>
  <testcase classname="org.usgbc.regression.MembershipTest" name="testMembership" time="0">
    <skipped/>
  </testcase>
  <testcase classname="org.usgbc.regression.StoreTest" name="testShoppingCartLink" time="0">
    <skipped/>
  </testcase>
  <testcase classname="org.usgbc.regression.StoreTest" name="testShoppingCartLink2" time="0">
    <skipped/>
  </testcase>
  <testcase classname="org.usgbc.regression.StoreTest" name="testShoppingCartLink3" time="0">
    <skipped/>
  </testcase>
  <testcase classname="org.usgbc.regression.StoreTest" name="testStoreGreen" time="0.001">
    <skipped/>
  </testcase>
  <testcase classname="org.usgbc.regression.StoreTest" name="testStoreLEED" time="0">
    <skipped/>
  </testcase>
  <testcase classname="org.usgbc.regression.StoreTest" name="testStoreLEEDandGreen" time="0">
    <skipped/>
  </testcase>
  <testcase classname="org.usgbc.regression.UsgbcCoreTest" name="testUsgbcCoreForExistingUser" time="0">
    <skipped/>
  </testcase>
  <testcase classname="org.usgbc.regression.UsgbcCoreTest" name="testUsgbcCoreForNonExistingUser" time="0">
    <skipped/>
  </testcase>
  <testcase classname="org.usgbc.regression.UsgbcCoreTest" name="testUsgbcCoreForNonExistingUserToGetRegistered" time="0">
    <skipped/>
  </testcase>
  <testcase classname="org.usgbc.regression.UsgbcStoreTest" name="testUsgbcStore" time="0">
    <skipped/>
  </testcase>
  <testcase classname="org.usgbc.regression.UsgbcStoreTest" name="testUsgbcStoreGreen" time="0">
    <skipped/>
  </testcase>
  <testcase classname="org.usgbc.regression.UsgbcStoreTest" name="testUsgbcStoreGreen2" time="0">
    <skipped/>
  </testcase>
  <testcase classname="org.usgbc.regression.UsgbcStoreTest" name="testUsgbcStoreLEED" time="0">
    <skipped/>
  </testcase>
  <testcase classname="org.usgbc.regression.UsgbcStoreTest" name="testUsgbcStoreLEED2" time="0">
    <skipped/>
  </testcase>
  <testcase classname="org.usgbc.utility.Base" name="closeDriver" time="0">
    <skipped/>
  </testcase>
</testsuite>