<?xml version="1.0" encoding="UTF-8"?>
<testsuite xmlns:xsi="http://www.w3.org/2001/XMLSchema-instance" xsi:schemaLocation="https://maven.apache.org/surefire/maven-surefire-plugin/xsd/surefire-test-report.xsd" name="TestSuite" time="160.969" tests="99" errors="0" skipped="96" failures="3">
  <properties>
    <property name="java.runtime.name" value="Java(TM) SE Runtime Environment"/>
    <property name="sun.boot.library.path" value="C:\Program Files\Java\jdk1.8.0_131\jre\bin"/>
    <property name="java.vm.version" value="25.131-b11"/>
    <property name="java.vm.vendor" value="Oracle Corporation"/>
    <property name="maven.multiModuleProjectDirectory" value="C:\Users\Groupten\eclipse-workspace\usgbc"/>
    <property name="java.vendor.url" value="http://java.oracle.com/"/>
    <property name="path.separator" value=";"/>
    <property name="guice.disable.misplaced.annotation.check" value="true"/>
    <property name="java.vm.name" value="Java HotSpot(TM) 64-Bit Server VM"/>
    <property name="file.encoding.pkg" value="sun.io"/>
    <property name="user.script" value=""/>
    <property name="user.country" value="IN"/>
    <property name="sun.java.launcher" value="SUN_STANDARD"/>
    <property name="sun.os.patch.level" value=""/>
    <property name="java.vm.specification.name" value="Java Virtual Machine Specification"/>
    <property name="user.dir" value="C:\Users\Groupten\eclipse-workspace\usgbc"/>
    <property name="java.runtime.version" value="1.8.0_131-b11"/>
    <property name="java.awt.graphicsenv" value="sun.awt.Win32GraphicsEnvironment"/>
    <property name="java.endorsed.dirs" value="C:\Program Files\Java\jdk1.8.0_131\jre\lib\endorsed"/>
    <property name="os.arch" value="amd64"/>
    <property name="java.io.tmpdir" value="C:\Users\Groupten\AppData\Local\Temp\"/>
    <property name="line.separator" value="&#10;"/>
    <property name="java.vm.specification.vendor" value="Oracle Corporation"/>
    <property name="user.variant" value=""/>
    <property name="os.name" value="Windows 10"/>
    <property name="classworlds.conf" value="C:\Users\Groupten\eclipse-workspace\.metadata\.plugins\org.eclipse.m2e.launching\launches\m2conf9118136116709762674.tmp"/>
    <property name="sun.jnu.encoding" value="Cp1252"/>
    <property name="java.library.path" value="C:\Program Files\Java\jdk1.8.0_131\bin;C:\Windows\Sun\Java\bin;C:\Windows\system32;C:\Windows;C:/Program Files/Java/jdk1.8.0_131/bin/../jre/bin/server;C:/Program Files/Java/jdk1.8.0_131/bin/../jre/bin;C:/Program Files/Java/jdk1.8.0_131/bin/../jre/lib/amd64;C:\Program Files\Java\jdk1.8.0_131\bin;C:\ProgramData\Oracle\Java\javapath;C:\Program Files (x86)\Intel\iCLS Client\;C:\Program Files\Intel\iCLS Client\;C:\Windows\system32;C:\Windows;C:\Windows\System32\Wbem;C:\Windows\System32\WindowsPowerShell\v1.0\;C:\Program Files (x86)\Intel\Intel(R) Management Engine Components\DAL;C:\Program Files\Intel\Intel(R) Management Engine Components\DAL;C:\Program Files (x86)\Intel\Intel(R) Management Engine Components\IPT;C:\Program Files\Intel\Intel(R) Management Engine Components\IPT;C:\Program Files\Intel\WiFi\bin\;C:\Program Files\Common Files\Intel\WirelessCommon\;C:\Program Files (x86)\DevDesktop\tools;C:\ProgramData\ComposerSetup\bin;C:\xampp\php;C:\Program Files\Apache\maven\bin;C:\Program Files\Git\cmd;C:\Program Files\nodejs\;C:\Program Files (x86)\DevDesktop\php7_0;C:\Program Files\Java\jdk1.8.0_131\bin;C:\Users\Groupten\AppData\Local\Microsoft\WindowsApps;C:\bin;C:\Users\Groupten\AppData\Roaming\Composer\vendor\bin;C:\Users\Groupten\AppData\Local\GitHubDesktop\bin;C:\Program Files\phantomjs-2.1.1-windows\bin;C:\Users\Groupten\AppData\Roaming\npm;;C:\Users\Groupten\Desktop\eclipse\eclipse;;."/>
    <property name="java.specification.name" value="Java Platform API Specification"/>
    <property name="java.class.version" value="52.0"/>
    <property name="sun.management.compiler" value="HotSpot 64-Bit Tiered Compilers"/>
    <property name="os.version" value="10.0"/>
    <property name="user.home" value="C:\Users\Groupten"/>
    <property name="user.timezone" value="Asia/Calcutta"/>
    <property name="java.awt.printerjob" value="sun.awt.windows.WPrinterJob"/>
    <property name="java.specification.version" value="1.8"/>
    <property name="file.encoding" value="Cp1252"/>
    <property name="user.name" value="Groupten"/>
    <property name="java.class.path" value="/C:/Users/Groupten/Desktop/eclipse/eclipse/plugins/org.eclipse.m2e.maven.runtime_1.8.0.20170516-2042/jars/plexus-classworlds-2.5.2.jar"/>
    <property name="java.vm.specification.version" value="1.8"/>
    <property name="sun.arch.data.model" value="64"/>
    <property name="java.home" value="C:\Program Files\Java\jdk1.8.0_131\jre"/>
    <property name="sun.java.command" value="org.codehaus.plexus.classworlds.launcher.Launcher -B test"/>
    <property name="java.specification.vendor" value="Oracle Corporation"/>
    <property name="user.language" value="en"/>
    <property name="awt.toolkit" value="sun.awt.windows.WToolkit"/>
    <property name="java.vm.info" value="mixed mode"/>
    <property name="java.version" value="1.8.0_131"/>
    <property name="java.ext.dirs" value="C:\Program Files\Java\jdk1.8.0_131\jre\lib\ext;C:\Windows\Sun\Java\lib\ext"/>
    <property name="sun.boot.class.path" value="C:\Program Files\Java\jdk1.8.0_131\jre\lib\resources.jar;C:\Program Files\Java\jdk1.8.0_131\jre\lib\rt.jar;C:\Program Files\Java\jdk1.8.0_131\jre\lib\sunrsasign.jar;C:\Program Files\Java\jdk1.8.0_131\jre\lib\jsse.jar;C:\Program Files\Java\jdk1.8.0_131\jre\lib\jce.jar;C:\Program Files\Java\jdk1.8.0_131\jre\lib\charsets.jar;C:\Program Files\Java\jdk1.8.0_131\jre\lib\jfr.jar;C:\Program Files\Java\jdk1.8.0_131\jre\classes"/>
    <property name="java.vendor" value="Oracle Corporation"/>
    <property name="maven.home" value="C:\Users\Groupten\eclipse-workspace\usgbc\EMBEDDED"/>
    <property name="file.separator" value="\"/>
    <property name="java.vendor.url.bug" value="http://bugreport.sun.com/bugreport/"/>
    <property name="sun.cpu.endian" value="little"/>
    <property name="sun.io.unicode.encoding" value="UnicodeLittle"/>
    <property name="sun.desktop" value="windows"/>
    <property name="sun.cpu.isalist" value="amd64"/>
  </properties>
  <testcase name="testDonateForcfgsByOnline" classname="org.usgbc.regression.Donation.cfgsOnlineTest" time="82.835">
    <failure message="Unable to locate element: {&quot;method&quot;:&quot;xpath&quot;,&quot;selector&quot;:&quot;.//*[@id=&apos;usgbc_paymentpage_content&apos;]/div[1]/div[1]/h3/b&quot;}&#10;Command duration or timeout: 60.05 seconds&#10;For documentation on this error, please visit: http://seleniumhq.org/exceptions/no_such_element.html&#10;Build info: version: &apos;2.53.1&apos;, revision: &apos;a36b8b1cd5757287168e54b817830adce9b0158d&apos;, time: &apos;2016-06-30 19:26:09&apos;&#10;System info: host: &apos;G10GGNLT049&apos;, ip: &apos;192.168.56.1&apos;, os.name: &apos;Windows 10&apos;, os.arch: &apos;amd64&apos;, os.version: &apos;10.0&apos;, java.version: &apos;1.8.0_131&apos;&#10;Driver info: org.openqa.selenium.firefox.FirefoxDriver&#10;Capabilities [{applicationCacheEnabled=true, rotatable=false, handlesAlerts=true, databaseEnabled=true, version=47.0.1, platform=WINDOWS, nativeEvents=false, acceptSslCerts=true, webStorageEnabled=true, locationContextEnabled=true, browserName=firefox, takesScreenshot=true, javascriptEnabled=true, cssSelectorsEnabled=true}]&#10;Session ID: 65e66b3b-eca6-4007-a5df-d9fc14a953b4&#10;*** Element info: {Using=xpath, value=.//*[@id=&apos;usgbc_paymentpage_content&apos;]/div[1]/div[1]/h3/b}" type="java.lang.Error">java.lang.Error: 
Unable to locate element: {"method":"xpath","selector":".//*[@id='usgbc_paymentpage_content']/div[1]/div[1]/h3/b"}
Command duration or timeout: 60.05 seconds
For documentation on this error, please visit: http://seleniumhq.org/exceptions/no_such_element.html
Build info: version: '2.53.1', revision: 'a36b8b1cd5757287168e54b817830adce9b0158d', time: '2016-06-30 19:26:09'
System info: host: 'G10GGNLT049', ip: '192.168.56.1', os.name: 'Windows 10', os.arch: 'amd64', os.version: '10.0', java.version: '1.8.0_131'
Driver info: org.openqa.selenium.firefox.FirefoxDriver
Capabilities [{applicationCacheEnabled=true, rotatable=false, handlesAlerts=true, databaseEnabled=true, version=47.0.1, platform=WINDOWS, nativeEvents=false, acceptSslCerts=true, webStorageEnabled=true, locationContextEnabled=true, browserName=firefox, takesScreenshot=true, javascriptEnabled=true, cssSelectorsEnabled=true}]
Session ID: 65e66b3b-eca6-4007-a5df-d9fc14a953b4
*** Element info: {Using=xpath, value=.//*[@id='usgbc_paymentpage_content']/div[1]/div[1]/h3/b}
	at org.usgbc.regression.Donation.cfgsOnlineTest.testDonateForcfgsByOnline(cfgsOnlineTest.java:18)
</failure>
    <system-out><![CDATA[Report file Created
-----Firefox Browser Launched----- 
Donation module for cfgs Online
Unable to locate element: {"method":"xpath","selector":".//*[@id='usgbc_paymentpage_content']/div[1]/div[1]/h3/b"}
Command duration or timeout: 60.05 seconds
For documentation on this error, please visit: http://seleniumhq.org/exceptions/no_such_element.html
Build info: version: '2.53.1', revision: 'a36b8b1cd5757287168e54b817830adce9b0158d', time: '2016-06-30 19:26:09'
System info: host: 'G10GGNLT049', ip: '192.168.56.1', os.name: 'Windows 10', os.arch: 'amd64', os.version: '10.0', java.version: '1.8.0_131'
Driver info: org.openqa.selenium.firefox.FirefoxDriver
Capabilities [{applicationCacheEnabled=true, rotatable=false, handlesAlerts=true, databaseEnabled=true, version=47.0.1, platform=WINDOWS, nativeEvents=false, acceptSslCerts=true, webStorageEnabled=true, locationContextEnabled=true, browserName=firefox, takesScreenshot=true, javascriptEnabled=true, cssSelectorsEnabled=true}]
Session ID: 65e66b3b-eca6-4007-a5df-d9fc14a953b4
*** Element info: {Using=xpath, value=.//*[@id='usgbc_paymentpage_content']/div[1]/div[1]/h3/b}
]]></system-out>
  </testcase>
  <testcase name="testDonateForHaitiByOnline" classname="org.usgbc.regression.Donation.HaitiOnlineTest" time="55.787">
    <failure message="Error communicating with the remote browser. It may have died.&#10;Build info: version: &apos;2.53.1&apos;, revision: &apos;a36b8b1cd5757287168e54b817830adce9b0158d&apos;, time: &apos;2016-06-30 19:26:09&apos;&#10;System info: host: &apos;G10GGNLT049&apos;, ip: &apos;192.168.56.1&apos;, os.name: &apos;Windows 10&apos;, os.arch: &apos;amd64&apos;, os.version: &apos;10.0&apos;, java.version: &apos;1.8.0_131&apos;&#10;Driver info: driver.version: RemoteWebDriver&#10;Capabilities [{applicationCacheEnabled=true, rotatable=false, handlesAlerts=true, databaseEnabled=true, version=47.0.1, platform=WINDOWS, nativeEvents=false, acceptSslCerts=true, webStorageEnabled=true, locationContextEnabled=true, browserName=firefox, takesScreenshot=true, javascriptEnabled=true, cssSelectorsEnabled=true}]&#10;Session ID: 63614c9d-6336-402c-aca3-a9e6c0a76e7c" type="java.lang.Error">java.lang.Error: 
Error communicating with the remote browser. It may have died.
Build info: version: '2.53.1', revision: 'a36b8b1cd5757287168e54b817830adce9b0158d', time: '2016-06-30 19:26:09'
System info: host: 'G10GGNLT049', ip: '192.168.56.1', os.name: 'Windows 10', os.arch: 'amd64', os.version: '10.0', java.version: '1.8.0_131'
Driver info: driver.version: RemoteWebDriver
Capabilities [{applicationCacheEnabled=true, rotatable=false, handlesAlerts=true, databaseEnabled=true, version=47.0.1, platform=WINDOWS, nativeEvents=false, acceptSslCerts=true, webStorageEnabled=true, locationContextEnabled=true, browserName=firefox, takesScreenshot=true, javascriptEnabled=true, cssSelectorsEnabled=true}]
Session ID: 63614c9d-6336-402c-aca3-a9e6c0a76e7c
	at org.usgbc.regression.Donation.HaitiOnlineTest.testDonateForHaitiByOnline(HaitiOnlineTest.java:20)
</failure>
    <system-out><![CDATA[Screenshot taken
**********Browser Closed**********
Report file Created
-----Firefox Browser Launched----- 
Donation module for Haiti Online
Error communicating with the remote browser. It may have died.
Build info: version: '2.53.1', revision: 'a36b8b1cd5757287168e54b817830adce9b0158d', time: '2016-06-30 19:26:09'
System info: host: 'G10GGNLT049', ip: '192.168.56.1', os.name: 'Windows 10', os.arch: 'amd64', os.version: '10.0', java.version: '1.8.0_131'
Driver info: driver.version: RemoteWebDriver
Capabilities [{applicationCacheEnabled=true, rotatable=false, handlesAlerts=true, databaseEnabled=true, version=47.0.1, platform=WINDOWS, nativeEvents=false, acceptSslCerts=true, webStorageEnabled=true, locationContextEnabled=true, browserName=firefox, takesScreenshot=true, javascriptEnabled=true, cssSelectorsEnabled=true}]
Session ID: 63614c9d-6336-402c-aca3-a9e6c0a76e7c
]]></system-out>
  </testcase>
  <testcase name="tearDown" classname="org.usgbc.regression.Donation.HaitiOnlineTest" time="56.8">
    <failure message="Error communicating with the remote browser. It may have died.&#10;Build info: version: &apos;2.53.1&apos;, revision: &apos;a36b8b1cd5757287168e54b817830adce9b0158d&apos;, time: &apos;2016-06-30 19:26:09&apos;&#10;System info: host: &apos;G10GGNLT049&apos;, ip: &apos;192.168.56.1&apos;, os.name: &apos;Windows 10&apos;, os.arch: &apos;amd64&apos;, os.version: &apos;10.0&apos;, java.version: &apos;1.8.0_131&apos;&#10;Driver info: driver.version: FirefoxDriver&#10;Capabilities [{applicationCacheEnabled=true, rotatable=false, handlesAlerts=true, databaseEnabled=true, version=47.0.1, platform=WINDOWS, nativeEvents=false, acceptSslCerts=true, webStorageEnabled=true, locationContextEnabled=true, browserName=firefox, takesScreenshot=true, javascriptEnabled=true, cssSelectorsEnabled=true}]&#10;Session ID: 63614c9d-6336-402c-aca3-a9e6c0a76e7c" type="org.openqa.selenium.remote.UnreachableBrowserException">org.openqa.selenium.remote.UnreachableBrowserException: 
Error communicating with the remote browser. It may have died.
Build info: version: '2.53.1', revision: 'a36b8b1cd5757287168e54b817830adce9b0158d', time: '2016-06-30 19:26:09'
System info: host: 'G10GGNLT049', ip: '192.168.56.1', os.name: 'Windows 10', os.arch: 'amd64', os.version: '10.0', java.version: '1.8.0_131'
Driver info: driver.version: FirefoxDriver
Capabilities [{applicationCacheEnabled=true, rotatable=false, handlesAlerts=true, databaseEnabled=true, version=47.0.1, platform=WINDOWS, nativeEvents=false, acceptSslCerts=true, webStorageEnabled=true, locationContextEnabled=true, browserName=firefox, takesScreenshot=true, javascriptEnabled=true, cssSelectorsEnabled=true}]
Session ID: 63614c9d-6336-402c-aca3-a9e6c0a76e7c
Caused by: org.apache.http.conn.HttpHostConnectException: Connect to 127.0.0.1:7055 [/127.0.0.1] failed: Connection refused: connect
Caused by: java.net.ConnectException: Connection refused: connect
</failure>
  </testcase>
  <testcase name="setup" classname="org.usgbc.regression.Donation.mygreenappleOnlineTest" time="0">
    <skipped/>
  </testcase>
  <testcase name="testDonateFormygreenappleByOnline" classname="org.usgbc.regression.Donation.mygreenappleOnlineTest" time="0">
    <skipped/>
  </testcase>
  <testcase name="tearDown" classname="org.usgbc.regression.Donation.mygreenappleOnlineTest" time="0">
    <skipped/>
  </testcase>
  <testcase name="setup" classname="org.usgbc.regression.Donation.UsgbcOnlineTest" time="0">
    <skipped/>
  </testcase>
  <testcase name="testDonateForUsgbcByOnline" classname="org.usgbc.regression.Donation.UsgbcOnlineTest" time="0">
    <skipped/>
  </testcase>
  <testcase name="tearDown" classname="org.usgbc.regression.Donation.UsgbcOnlineTest" time="0">
    <skipped/>
  </testcase>
  <testcase name="setup" classname="org.usgbc.regression.Donation.HaitiMailTest" time="0">
    <skipped/>
  </testcase>
  <testcase name="testDonateForHaitiByMail" classname="org.usgbc.regression.Donation.HaitiMailTest" time="0">
    <skipped/>
  </testcase>
  <testcase name="tearDown" classname="org.usgbc.regression.Donation.HaitiMailTest" time="0">
    <skipped/>
  </testcase>
  <testcase name="setup" classname="org.usgbc.regression.MembershipTest" time="0">
    <skipped/>
  </testcase>
  <testcase name="testMembership" classname="org.usgbc.regression.MembershipTest" time="0">
    <skipped/>
  </testcase>
  <testcase name="tearDown" classname="org.usgbc.regression.MembershipTest" time="0">
    <skipped/>
  </testcase>
  <testcase name="setup" classname="org.usgbc.regression.CommunityRegistrationTest" time="0">
    <skipped/>
  </testcase>
  <testcase name="setup" classname="org.usgbc.regression.CommunityRegistrationTest" time="0">
    <skipped/>
  </testcase>
  <testcase name="setup" classname="org.usgbc.regression.CommunityRegistrationTest" time="0">
    <skipped/>
  </testcase>
  <testcase name="setup" classname="org.usgbc.regression.CommunityRegistrationTest" time="0">
    <skipped/>
  </testcase>
  <testcase name="setup" classname="org.usgbc.regression.CommunityRegistrationTest" time="0">
    <skipped/>
  </testcase>
  <testcase name="testCommunityRegistrationForNonExistingUser" classname="org.usgbc.regression.CommunityRegistrationTest" time="0">
    <skipped/>
  </testcase>
  <testcase name="tearDown" classname="org.usgbc.regression.CommunityRegistrationTest" time="0">
    <skipped/>
  </testcase>
  <testcase name="tearDown" classname="org.usgbc.regression.CommunityRegistrationTest" time="0">
    <skipped/>
  </testcase>
  <testcase name="tearDown" classname="org.usgbc.regression.CommunityRegistrationTest" time="0">
    <skipped/>
  </testcase>
  <testcase name="tearDown" classname="org.usgbc.regression.CommunityRegistrationTest" time="0">
    <skipped/>
  </testcase>
  <testcase name="tearDown" classname="org.usgbc.regression.CommunityRegistrationTest" time="0">
    <skipped/>
  </testcase>
  <testcase name="testCommunityRegistrationForNonExistingUserToGetRegistered" classname="org.usgbc.regression.CommunityRegistrationTest" time="0">
    <skipped/>
  </testcase>
  <testcase name="testCommunityRegistrationForNonExistingUserToGetRegistered" classname="org.usgbc.regression.CommunityRegistrationTest" time="0">
    <skipped/>
  </testcase>
  <testcase name="testCommunityRegistrationForExistingUser" classname="org.usgbc.regression.CommunityRegistrationTest" time="0">
    <skipped/>
  </testcase>
  <testcase name="testCommunityRegistrationForExistingUser" classname="org.usgbc.regression.CommunityRegistrationTest" time="0">
    <skipped/>
  </testcase>
  <testcase name="setup" classname="org.usgbc.regression.CommunityRegistrationPriceValidationTest" time="0">
    <skipped/>
  </testcase>
  <testcase name="setup" classname="org.usgbc.regression.CommunityRegistrationPriceValidationTest" time="0">
    <skipped/>
  </testcase>
  <testcase name="setup" classname="org.usgbc.regression.CommunityRegistrationPriceValidationTest" time="0">
    <skipped/>
  </testcase>
  <testcase name="testCommunityRegistrationForCostValidationDefault35" classname="org.usgbc.regression.CommunityRegistrationPriceValidationTest" time="0">
    <skipped/>
  </testcase>
  <testcase name="tearDown" classname="org.usgbc.regression.CommunityRegistrationPriceValidationTest" time="0">
    <skipped/>
  </testcase>
  <testcase name="tearDown" classname="org.usgbc.regression.CommunityRegistrationPriceValidationTest" time="0">
    <skipped/>
  </testcase>
  <testcase name="tearDown" classname="org.usgbc.regression.CommunityRegistrationPriceValidationTest" time="0">
    <skipped/>
  </testcase>
  <testcase name="testCommunityRegistrationForCostValidationStudentMember50" classname="org.usgbc.regression.CommunityRegistrationPriceValidationTest" time="0">
    <skipped/>
  </testcase>
  <testcase name="testCommunityRegistrationForCostValidationEmergingprofessionalMember75" classname="org.usgbc.regression.CommunityRegistrationPriceValidationTest" time="0">
    <skipped/>
  </testcase>
  <testcase name="setup" classname="org.usgbc.regression.ErrorMessageCommRegTest" time="0">
    <skipped/>
  </testcase>
  <testcase name="setup" classname="org.usgbc.regression.ErrorMessageCommRegTest" time="0">
    <skipped/>
  </testcase>
  <testcase name="setup" classname="org.usgbc.regression.ErrorMessageCommRegTest" time="0">
    <skipped/>
  </testcase>
  <testcase name="testErrorMessagesCommReg" classname="org.usgbc.regression.ErrorMessageCommRegTest" time="0">
    <skipped/>
  </testcase>
  <testcase name="tearDown" classname="org.usgbc.regression.ErrorMessageCommRegTest" time="0">
    <skipped/>
  </testcase>
  <testcase name="tearDown" classname="org.usgbc.regression.ErrorMessageCommRegTest" time="0">
    <skipped/>
  </testcase>
  <testcase name="tearDown" classname="org.usgbc.regression.ErrorMessageCommRegTest" time="0">
    <skipped/>
  </testcase>
  <testcase name="testErrorMessagesCommRegCondition2" classname="org.usgbc.regression.ErrorMessageCommRegTest" time="0">
    <skipped/>
  </testcase>
  <testcase name="testErrorMessagesCommRegCondition3" classname="org.usgbc.regression.ErrorMessageCommRegTest" time="0">
    <skipped/>
  </testcase>
  <testcase name="setup" classname="org.usgbc.regression.UsgbcCoreTest" time="0">
    <skipped/>
  </testcase>
  <testcase name="setup" classname="org.usgbc.regression.UsgbcCoreTest" time="0">
    <skipped/>
  </testcase>
  <testcase name="setup" classname="org.usgbc.regression.UsgbcCoreTest" time="0">
    <skipped/>
  </testcase>
  <testcase name="testUsgbcCoreForNonExistingUser" classname="org.usgbc.regression.UsgbcCoreTest" time="0">
    <skipped/>
  </testcase>
  <testcase name="tearDown" classname="org.usgbc.regression.UsgbcCoreTest" time="0">
    <skipped/>
  </testcase>
  <testcase name="tearDown" classname="org.usgbc.regression.UsgbcCoreTest" time="0">
    <skipped/>
  </testcase>
  <testcase name="tearDown" classname="org.usgbc.regression.UsgbcCoreTest" time="0">
    <skipped/>
  </testcase>
  <testcase name="testUsgbcCoreForNonExistingUserToGetRegistered" classname="org.usgbc.regression.UsgbcCoreTest" time="0">
    <skipped/>
  </testcase>
  <testcase name="testUsgbcCoreForExistingUser" classname="org.usgbc.regression.UsgbcCoreTest" time="0">
    <skipped/>
  </testcase>
  <testcase name="setup" classname="org.usgbc.regression.LoggedUserTest" time="0">
    <skipped/>
  </testcase>
  <testcase name="setup" classname="org.usgbc.regression.LoggedUserTest" time="0">
    <skipped/>
  </testcase>
  <testcase name="testLoggedUser" classname="org.usgbc.regression.LoggedUserTest" time="0">
    <skipped/>
  </testcase>
  <testcase name="tearDown" classname="org.usgbc.regression.LoggedUserTest" time="0">
    <skipped/>
  </testcase>
  <testcase name="tearDown" classname="org.usgbc.regression.LoggedUserTest" time="0">
    <skipped/>
  </testcase>
  <testcase name="testLoggedUser2" classname="org.usgbc.regression.LoggedUserTest" time="0">
    <skipped/>
  </testcase>
  <testcase name="setup" classname="org.usgbc.regression.StoreTest" time="0">
    <skipped/>
  </testcase>
  <testcase name="setup" classname="org.usgbc.regression.StoreTest" time="0">
    <skipped/>
  </testcase>
  <testcase name="setup" classname="org.usgbc.regression.StoreTest" time="0">
    <skipped/>
  </testcase>
  <testcase name="setup" classname="org.usgbc.regression.StoreTest" time="0">
    <skipped/>
  </testcase>
  <testcase name="setup" classname="org.usgbc.regression.StoreTest" time="0">
    <skipped/>
  </testcase>
  <testcase name="setup" classname="org.usgbc.regression.StoreTest" time="0">
    <skipped/>
  </testcase>
  <testcase name="testStoreGreen" classname="org.usgbc.regression.StoreTest" time="0">
    <skipped/>
  </testcase>
  <testcase name="tearDown" classname="org.usgbc.regression.StoreTest" time="0">
    <skipped/>
  </testcase>
  <testcase name="tearDown" classname="org.usgbc.regression.StoreTest" time="0">
    <skipped/>
  </testcase>
  <testcase name="tearDown" classname="org.usgbc.regression.StoreTest" time="0">
    <skipped/>
  </testcase>
  <testcase name="tearDown" classname="org.usgbc.regression.StoreTest" time="0">
    <skipped/>
  </testcase>
  <testcase name="tearDown" classname="org.usgbc.regression.StoreTest" time="0">
    <skipped/>
  </testcase>
  <testcase name="tearDown" classname="org.usgbc.regression.StoreTest" time="0">
    <skipped/>
  </testcase>
  <testcase name="testStoreLEED" classname="org.usgbc.regression.StoreTest" time="0">
    <skipped/>
  </testcase>
  <testcase name="testStoreLEEDandGreen" classname="org.usgbc.regression.StoreTest" time="0">
    <skipped/>
  </testcase>
  <testcase name="testShoppingCartLink" classname="org.usgbc.regression.StoreTest" time="0">
    <skipped/>
  </testcase>
  <testcase name="testShoppingCartLink2" classname="org.usgbc.regression.StoreTest" time="0">
    <skipped/>
  </testcase>
  <testcase name="testShoppingCartLink3" classname="org.usgbc.regression.StoreTest" time="0">
    <skipped/>
  </testcase>
  <testcase name="setup" classname="org.usgbc.regression.UsgbcStoreTest" time="0">
    <skipped/>
  </testcase>
  <testcase name="setup" classname="org.usgbc.regression.UsgbcStoreTest" time="0">
    <skipped/>
  </testcase>
  <testcase name="setup" classname="org.usgbc.regression.UsgbcStoreTest" time="0">
    <skipped/>
  </testcase>
  <testcase name="setup" classname="org.usgbc.regression.UsgbcStoreTest" time="0">
    <skipped/>
  </testcase>
  <testcase name="setup" classname="org.usgbc.regression.UsgbcStoreTest" time="0">
    <skipped/>
  </testcase>
  <testcase name="setup" classname="org.usgbc.regression.UsgbcStoreTest" time="0">
    <skipped/>
  </testcase>
  <testcase name="testUsgbcStore" classname="org.usgbc.regression.UsgbcStoreTest" time="0">
    <skipped/>
  </testcase>
  <testcase name="tearDown" classname="org.usgbc.regression.UsgbcStoreTest" time="0">
    <skipped/>
  </testcase>
  <testcase name="tearDown" classname="org.usgbc.regression.UsgbcStoreTest" time="0">
    <skipped/>
  </testcase>
  <testcase name="tearDown" classname="org.usgbc.regression.UsgbcStoreTest" time="0">
    <skipped/>
  </testcase>
  <testcase name="tearDown" classname="org.usgbc.regression.UsgbcStoreTest" time="0">
    <skipped/>
  </testcase>
  <testcase name="tearDown" classname="org.usgbc.regression.UsgbcStoreTest" time="0">
    <skipped/>
  </testcase>
  <testcase name="tearDown" classname="org.usgbc.regression.UsgbcStoreTest" time="0">
    <skipped/>
  </testcase>
  <testcase name="testUsgbcStoreGreen" classname="org.usgbc.regression.UsgbcStoreTest" time="0">
    <skipped/>
  </testcase>
  <testcase name="testUsgbcStoreGreen" classname="org.usgbc.regression.UsgbcStoreTest" time="0">
    <skipped/>
  </testcase>
  <testcase name="testUsgbcStoreGreen2" classname="org.usgbc.regression.UsgbcStoreTest" time="0">
    <skipped/>
  </testcase>
  <testcase name="testUsgbcStoreLEED" classname="org.usgbc.regression.UsgbcStoreTest" time="0">
    <skipped/>
  </testcase>
  <testcase name="testUsgbcStoreLEED2" classname="org.usgbc.regression.UsgbcStoreTest" time="0">
    <skipped/>
  </testcase>
</testsuite>