<?xml version="1.0" encoding="UTF-8" ?>
<testsuite tests="112" failures="6" name="TestSuite" time="11,285.606" errors="0" skipped="105">
  <properties>
    <property name="java.runtime.name" value="Java(TM) SE Runtime Environment"/>
    <property name="sun.boot.library.path" value="C:\Program Files\Java\jdk1.8.0_131\jre\bin"/>
    <property name="java.vm.version" value="25.131-b11"/>
    <property name="java.vm.vendor" value="Oracle Corporation"/>
    <property name="maven.multiModuleProjectDirectory" value="C:\Users\Groupten\eclipse-workspace\usgbc"/>
    <property name="java.vendor.url" value="http://java.oracle.com/"/>
    <property name="path.separator" value=";"/>
    <property name="guice.disable.misplaced.annotation.check" value="true"/>
    <property name="java.vm.name" value="Java HotSpot(TM) 64-Bit Server VM"/>
    <property name="file.encoding.pkg" value="sun.io"/>
    <property name="user.script" value=""/>
    <property name="user.country" value="IN"/>
    <property name="sun.java.launcher" value="SUN_STANDARD"/>
    <property name="sun.os.patch.level" value=""/>
    <property name="java.vm.specification.name" value="Java Virtual Machine Specification"/>
    <property name="user.dir" value="C:\Users\Groupten\eclipse-workspace\usgbc"/>
    <property name="java.runtime.version" value="1.8.0_131-b11"/>
    <property name="java.awt.graphicsenv" value="sun.awt.Win32GraphicsEnvironment"/>
    <property name="java.endorsed.dirs" value="C:\Program Files\Java\jdk1.8.0_131\jre\lib\endorsed"/>
    <property name="os.arch" value="amd64"/>
    <property name="java.io.tmpdir" value="C:\Users\Groupten\AppData\Local\Temp\"/>
    <property name="line.separator" value="
"/>
    <property name="java.vm.specification.vendor" value="Oracle Corporation"/>
    <property name="user.variant" value=""/>
    <property name="os.name" value="Windows 10"/>
    <property name="classworlds.conf" value="C:\Users\Groupten\eclipse-workspace\.metadata\.plugins\org.eclipse.m2e.launching\launches\m2conf2093844948216548411.tmp"/>
    <property name="sun.jnu.encoding" value="Cp1252"/>
    <property name="java.library.path" value="C:\Program Files\Java\jdk1.8.0_131\bin;C:\Windows\Sun\Java\bin;C:\Windows\system32;C:\Windows;C:/Program Files/Java/jdk1.8.0_131/bin/../jre/bin/server;C:/Program Files/Java/jdk1.8.0_131/bin/../jre/bin;C:/Program Files/Java/jdk1.8.0_131/bin/../jre/lib/amd64;C:\Program Files\Java\jdk1.8.0_131\bin;C:\ProgramData\Oracle\Java\javapath;C:\Program Files (x86)\Intel\iCLS Client\;C:\Program Files\Intel\iCLS Client\;C:\Windows\system32;C:\Windows;C:\Windows\System32\Wbem;C:\Windows\System32\WindowsPowerShell\v1.0\;C:\Program Files (x86)\Intel\Intel(R) Management Engine Components\DAL;C:\Program Files\Intel\Intel(R) Management Engine Components\DAL;C:\Program Files (x86)\Intel\Intel(R) Management Engine Components\IPT;C:\Program Files\Intel\Intel(R) Management Engine Components\IPT;C:\Program Files\Intel\WiFi\bin\;C:\Program Files\Common Files\Intel\WirelessCommon\;C:\Program Files (x86)\DevDesktop\tools;C:\ProgramData\ComposerSetup\bin;C:\xampp\php;C:\Program Files\Apache\maven\bin;C:\Program Files\Git\cmd;C:\Program Files\nodejs\;C:\Program Files (x86)\DevDesktop\php7_0;C:\Program Files\Java\jdk1.8.0_131\bin;C:\Users\Groupten\AppData\Local\Microsoft\WindowsApps;C:\bin;C:\Users\Groupten\AppData\Roaming\Composer\vendor\bin;C:\Users\Groupten\AppData\Local\GitHubDesktop\bin;C:\Program Files\phantomjs-2.1.1-windows\bin;C:\Users\Groupten\AppData\Roaming\npm;;C:\Users\Groupten\Desktop\eclipse\eclipse;;."/>
    <property name="java.specification.name" value="Java Platform API Specification"/>
    <property name="java.class.version" value="52.0"/>
    <property name="sun.management.compiler" value="HotSpot 64-Bit Tiered Compilers"/>
    <property name="os.version" value="10.0"/>
    <property name="user.home" value="C:\Users\Groupten"/>
    <property name="user.timezone" value="Asia/Calcutta"/>
    <property name="java.awt.printerjob" value="sun.awt.windows.WPrinterJob"/>
    <property name="java.specification.version" value="1.8"/>
    <property name="file.encoding" value="Cp1252"/>
    <property name="user.name" value="Groupten"/>
    <property name="java.class.path" value="/C:/Users/Groupten/Desktop/eclipse/eclipse/plugins/org.eclipse.m2e.maven.runtime_1.8.0.20170516-2042/jars/plexus-classworlds-2.5.2.jar"/>
    <property name="java.vm.specification.version" value="1.8"/>
    <property name="sun.arch.data.model" value="64"/>
    <property name="java.home" value="C:\Program Files\Java\jdk1.8.0_131\jre"/>
    <property name="sun.java.command" value="org.codehaus.plexus.classworlds.launcher.Launcher -B test"/>
    <property name="java.specification.vendor" value="Oracle Corporation"/>
    <property name="user.language" value="en"/>
    <property name="awt.toolkit" value="sun.awt.windows.WToolkit"/>
    <property name="java.vm.info" value="mixed mode"/>
    <property name="java.version" value="1.8.0_131"/>
    <property name="java.ext.dirs" value="C:\Program Files\Java\jdk1.8.0_131\jre\lib\ext;C:\Windows\Sun\Java\lib\ext"/>
    <property name="sun.boot.class.path" value="C:\Program Files\Java\jdk1.8.0_131\jre\lib\resources.jar;C:\Program Files\Java\jdk1.8.0_131\jre\lib\rt.jar;C:\Program Files\Java\jdk1.8.0_131\jre\lib\sunrsasign.jar;C:\Program Files\Java\jdk1.8.0_131\jre\lib\jsse.jar;C:\Program Files\Java\jdk1.8.0_131\jre\lib\jce.jar;C:\Program Files\Java\jdk1.8.0_131\jre\lib\charsets.jar;C:\Program Files\Java\jdk1.8.0_131\jre\lib\jfr.jar;C:\Program Files\Java\jdk1.8.0_131\jre\classes"/>
    <property name="java.vendor" value="Oracle Corporation"/>
    <property name="maven.home" value="C:\Users\Groupten\eclipse-workspace\usgbc\EMBEDDED"/>
    <property name="file.separator" value="\"/>
    <property name="java.vendor.url.bug" value="http://bugreport.sun.com/bugreport/"/>
    <property name="sun.cpu.endian" value="little"/>
    <property name="sun.io.unicode.encoding" value="UnicodeLittle"/>
    <property name="sun.desktop" value="windows"/>
    <property name="sun.cpu.isalist" value="amd64"/>
  </properties>
  <testcase classname="org.usgbc.regression.CommunityRegistrationTest" name="testCommunityRegistration" time="69.812">
    <failure message="Element is not enabled
Build info: version: &apos;3.7.0&apos;, revision: &apos;2321c73&apos;, time: &apos;2017-11-02T22:22:35.584Z&apos;
System info: host: &apos;G10GGNLT049&apos;, ip: &apos;192.168.56.1&apos;, os.name: &apos;Windows 10&apos;, os.arch: &apos;amd64&apos;, os.version: &apos;10.0&apos;, java.version: &apos;1.8.0_131&apos;
Driver info: org.openqa.selenium.firefox.FirefoxDriver
Capabilities {acceptInsecureCerts: true, browserName: firefox, browserVersion: 56.0.2, javascriptEnabled: true, moz:accessibilityChecks: false, moz:headless: false, moz:processID: 1848, moz:profile: C:\Users\Groupten\AppData\L..., pageLoadStrategy: normal, platform: XP, platformName: XP, platformVersion: 10.0, rotatable: false, specificationLevel: 0, timeouts: {implicit: 0, pageLoad: 300000, script: 30000}}
Session ID: a94af307-ff13-4a1e-9774-71813454ef9d" type="java.lang.Error">java.lang.Error: Element is not enabled
Build info: version: &apos;3.7.0&apos;, revision: &apos;2321c73&apos;, time: &apos;2017-11-02T22:22:35.584Z&apos;
System info: host: &apos;G10GGNLT049&apos;, ip: &apos;192.168.56.1&apos;, os.name: &apos;Windows 10&apos;, os.arch: &apos;amd64&apos;, os.version: &apos;10.0&apos;, java.version: &apos;1.8.0_131&apos;
Driver info: org.openqa.selenium.firefox.FirefoxDriver
Capabilities {acceptInsecureCerts: true, browserName: firefox, browserVersion: 56.0.2, javascriptEnabled: true, moz:accessibilityChecks: false, moz:headless: false, moz:processID: 1848, moz:profile: C:\Users\Groupten\AppData\L..., pageLoadStrategy: normal, platform: XP, platformName: XP, platformVersion: 10.0, rotatable: false, specificationLevel: 0, timeouts: {implicit: 0, pageLoad: 300000, script: 30000}}
Session ID: a94af307-ff13-4a1e-9774-71813454ef9d
	at sun.reflect.NativeConstructorAccessorImpl.newInstance0(Native Method)
	at sun.reflect.NativeConstructorAccessorImpl.newInstance(NativeConstructorAccessorImpl.java:62)
	at sun.reflect.DelegatingConstructorAccessorImpl.newInstance(DelegatingConstructorAccessorImpl.java:45)
	at java.lang.reflect.Constructor.newInstance(Constructor.java:423)
	at org.openqa.selenium.remote.http.W3CHttpResponseCodec.createException(W3CHttpResponseCodec.java:187)
	at org.openqa.selenium.remote.http.W3CHttpResponseCodec.decode(W3CHttpResponseCodec.java:122)
	at org.openqa.selenium.remote.http.W3CHttpResponseCodec.decode(W3CHttpResponseCodec.java:49)
	at org.openqa.selenium.remote.HttpCommandExecutor.execute(HttpCommandExecutor.java:164)
	at org.openqa.selenium.remote.service.DriverCommandExecutor.execute(DriverCommandExecutor.java:83)
	at org.openqa.selenium.remote.RemoteWebDriver.execute(RemoteWebDriver.java:600)
	at org.openqa.selenium.remote.RemoteWebElement.execute(RemoteWebElement.java:279)
	at org.openqa.selenium.remote.RemoteWebElement.click(RemoteWebElement.java:83)
	at org.openqa.selenium.support.ui.Select.setSelected(Select.java:324)
	at org.openqa.selenium.support.ui.Select.selectByIndex(Select.java:179)
	at org.usgbc.utility.CommunityRegistrationFormData.CommmunityRegistrationForm(CommunityRegistrationFormData.java:27)
	at org.usgbc.business.CommunityRegistration.CommunityRegistartionModule(CommunityRegistration.java:34)
	at org.usgbc.regression.CommunityRegistrationTest.testCommunityRegistration(CommunityRegistrationTest.java:26)
</failure>
    <system-out>Report file Created
Report file Created
-----Firefox Browser Launched----- 
-----Firefox Browser Launched----- 
Communtiy Registration Module
Broken Link for / 
Communtiy Registration Module
Broken Link for / 
Total links are 43
Total links are 43
Broken Link for community/registration 
Broken Link for community/registration 
Element is not enabled
Build info: version: &apos;3.7.0&apos;, revision: &apos;2321c73&apos;, time: &apos;2017-11-02T22:22:35.584Z&apos;
System info: host: &apos;G10GGNLT049&apos;, ip: &apos;192.168.56.1&apos;, os.name: &apos;Windows 10&apos;, os.arch: &apos;amd64&apos;, os.version: &apos;10.0&apos;, java.version: &apos;1.8.0_131&apos;
Driver info: org.openqa.selenium.firefox.FirefoxDriver
Capabilities {acceptInsecureCerts: true, browserName: firefox, browserVersion: 56.0.2, javascriptEnabled: true, moz:accessibilityChecks: false, moz:headless: false, moz:processID: 1848, moz:profile: C:\Users\Groupten\AppData\L..., pageLoadStrategy: normal, platform: XP, platformName: XP, platformVersion: 10.0, rotatable: false, specificationLevel: 0, timeouts: {implicit: 0, pageLoad: 300000, script: 30000}}
Session ID: a94af307-ff13-4a1e-9774-71813454ef9d
</system-out>
    <system-err>Nov 06, 2017 5:32:25 PM org.openqa.selenium.remote.ProtocolHandshake createSession
INFO: Detected dialect: W3C
Nov 06, 2017 5:32:26 PM org.openqa.selenium.remote.ProtocolHandshake createSession
INFO: Detected dialect: W3C
</system-err>
  </testcase>
  <testcase classname="org.usgbc.regression.CommunityRegistrationTest" name="testCommunityRegistration" time="74.773">
    <failure message="Session ID is null. Using WebDriver after calling quit()?
Build info: version: &apos;3.7.0&apos;, revision: &apos;2321c73&apos;, time: &apos;2017-11-02T22:22:35.584Z&apos;
System info: host: &apos;G10GGNLT049&apos;, ip: &apos;192.168.56.1&apos;, os.name: &apos;Windows 10&apos;, os.arch: &apos;amd64&apos;, os.version: &apos;10.0&apos;, java.version: &apos;1.8.0_131&apos;
Driver info: driver.version: RemoteWebDriver" type="java.lang.Error">java.lang.Error: Session ID is null. Using WebDriver after calling quit()?
Build info: version: &apos;3.7.0&apos;, revision: &apos;2321c73&apos;, time: &apos;2017-11-02T22:22:35.584Z&apos;
System info: host: &apos;G10GGNLT049&apos;, ip: &apos;192.168.56.1&apos;, os.name: &apos;Windows 10&apos;, os.arch: &apos;amd64&apos;, os.version: &apos;10.0&apos;, java.version: &apos;1.8.0_131&apos;
Driver info: driver.version: RemoteWebDriver
	at org.openqa.selenium.remote.HttpCommandExecutor.execute(HttpCommandExecutor.java:131)
	at org.openqa.selenium.remote.service.DriverCommandExecutor.execute(DriverCommandExecutor.java:83)
	at org.openqa.selenium.remote.RemoteWebDriver.execute(RemoteWebDriver.java:600)
	at org.openqa.selenium.remote.RemoteWebDriver.executeScript(RemoteWebDriver.java:536)
	at org.usgbc.utility.CommunityRegistrationFormData.CommmunityRegistrationForm(CommunityRegistrationFormData.java:30)
	at org.usgbc.business.CommunityRegistration.CommunityRegistartionModule(CommunityRegistration.java:34)
	at org.usgbc.regression.CommunityRegistrationTest.testCommunityRegistration(CommunityRegistrationTest.java:26)
</failure>
    <system-out>Screenshot taken
--------Browser Closed--------
Report file Created
Session ID is null. Using WebDriver after calling quit()?
Build info: version: &apos;3.7.0&apos;, revision: &apos;2321c73&apos;, time: &apos;2017-11-02T22:22:35.584Z&apos;
System info: host: &apos;G10GGNLT049&apos;, ip: &apos;192.168.56.1&apos;, os.name: &apos;Windows 10&apos;, os.arch: &apos;amd64&apos;, os.version: &apos;10.0&apos;, java.version: &apos;1.8.0_131&apos;
Driver info: driver.version: RemoteWebDriver
</system-out>
    <system-err>java.text.ParseException: Unparseable date: &quot;&quot;
	at java.text.DateFormat.parse(DateFormat.java:366)
	at com.relevantcodes.extentreports.utils.DateTimeUtil.getDate(DateTimeUtil.java:22)
	at com.relevantcodes.extentreports.converters.TestConverter.createTestList(TestConverter.java:94)
	at com.relevantcodes.extentreports.ExtentReports.&lt;init&gt;(ExtentReports.java:92)
	at com.relevantcodes.extentreports.ExtentReports.&lt;init&gt;(ExtentReports.java:374)
	at org.usgbc.utility.Report.ExtentReportConfig(Report.java:42)
	at org.usgbc.utility.Base.getDriver(Base.java:31)
	at sun.reflect.NativeMethodAccessorImpl.invoke0(Native Method)
	at sun.reflect.NativeMethodAccessorImpl.invoke(NativeMethodAccessorImpl.java:62)
	at sun.reflect.DelegatingMethodAccessorImpl.invoke(DelegatingMethodAccessorImpl.java:43)
	at java.lang.reflect.Method.invoke(Method.java:498)
	at org.testng.internal.MethodInvocationHelper.invokeMethod(MethodInvocationHelper.java:85)
	at org.testng.internal.Invoker.invokeConfigurationMethod(Invoker.java:510)
	at org.testng.internal.Invoker.invokeConfigurations(Invoker.java:211)
	at org.testng.internal.Invoker.invokeMethod(Invoker.java:585)
	at org.testng.internal.Invoker.invokeTestMethod(Invoker.java:816)
	at org.testng.internal.Invoker.invokeTestMethods(Invoker.java:1124)
	at org.testng.internal.TestMethodWorker.invokeTestMethods(TestMethodWorker.java:125)
	at org.testng.internal.TestMethodWorker.run(TestMethodWorker.java:108)
	at org.testng.TestRunner.privateRun(TestRunner.java:774)
	at org.testng.TestRunner.run(TestRunner.java:624)
	at org.testng.SuiteRunner.runTest(SuiteRunner.java:359)
	at org.testng.SuiteRunner.access$000(SuiteRunner.java:39)
	at org.testng.SuiteRunner$SuiteWorker.run(SuiteRunner.java:393)
	at org.testng.internal.thread.ThreadUtil$2.call(ThreadUtil.java:64)
	at java.util.concurrent.FutureTask.run(FutureTask.java:266)
	at java.util.concurrent.ThreadPoolExecutor.runWorker(ThreadPoolExecutor.java:1142)
	at java.util.concurrent.ThreadPoolExecutor$Worker.run(ThreadPoolExecutor.java:617)
	at java.lang.Thread.run(Thread.java:748)
</system-err>
  </testcase>
  <testcase classname="org.usgbc.regression.CommunityRegistrationTest" name="closeDriver" time="74.773">
    <failure message="Session ID is null. Using WebDriver after calling quit()?
Build info: version: &apos;3.7.0&apos;, revision: &apos;2321c73&apos;, time: &apos;2017-11-02T22:22:35.584Z&apos;
System info: host: &apos;G10GGNLT049&apos;, ip: &apos;192.168.56.1&apos;, os.name: &apos;Windows 10&apos;, os.arch: &apos;amd64&apos;, os.version: &apos;10.0&apos;, java.version: &apos;1.8.0_131&apos;
Driver info: driver.version: RemoteWebDriver" type="org.openqa.selenium.NoSuchSessionException">org.openqa.selenium.NoSuchSessionException: Session ID is null. Using WebDriver after calling quit()?
Build info: version: &apos;3.7.0&apos;, revision: &apos;2321c73&apos;, time: &apos;2017-11-02T22:22:35.584Z&apos;
System info: host: &apos;G10GGNLT049&apos;, ip: &apos;192.168.56.1&apos;, os.name: &apos;Windows 10&apos;, os.arch: &apos;amd64&apos;, os.version: &apos;10.0&apos;, java.version: &apos;1.8.0_131&apos;
Driver info: driver.version: RemoteWebDriver
	at org.openqa.selenium.remote.HttpCommandExecutor.execute(HttpCommandExecutor.java:131)
	at org.openqa.selenium.remote.service.DriverCommandExecutor.execute(DriverCommandExecutor.java:83)
	at org.openqa.selenium.remote.RemoteWebDriver.execute(RemoteWebDriver.java:600)
	at org.openqa.selenium.remote.RemoteWebDriver.execute(RemoteWebDriver.java:657)
	at org.openqa.selenium.remote.RemoteWebDriver.getScreenshotAs(RemoteWebDriver.java:342)
	at org.usgbc.utility.Report.afterMethod(Report.java:65)
	at org.usgbc.utility.Base.closeDriver(Base.java:95)
	at sun.reflect.NativeMethodAccessorImpl.invoke0(Native Method)
	at sun.reflect.NativeMethodAccessorImpl.invoke(NativeMethodAccessorImpl.java:62)
	at sun.reflect.DelegatingMethodAccessorImpl.invoke(DelegatingMethodAccessorImpl.java:43)
	at java.lang.reflect.Method.invoke(Method.java:498)
	at org.testng.internal.MethodInvocationHelper.invokeMethod(MethodInvocationHelper.java:85)
	at org.testng.internal.Invoker.invokeConfigurationMethod(Invoker.java:510)
	at org.testng.internal.Invoker.invokeConfigurations(Invoker.java:211)
	at org.testng.internal.Invoker.invokeMethod(Invoker.java:703)
	at org.testng.internal.Invoker.invokeTestMethod(Invoker.java:816)
	at org.testng.internal.Invoker.invokeTestMethods(Invoker.java:1124)
	at org.testng.internal.TestMethodWorker.invokeTestMethods(TestMethodWorker.java:125)
	at org.testng.internal.TestMethodWorker.run(TestMethodWorker.java:108)
	at org.testng.TestRunner.privateRun(TestRunner.java:774)
	at org.testng.TestRunner.run(TestRunner.java:624)
	at org.testng.SuiteRunner.runTest(SuiteRunner.java:359)
	at org.testng.SuiteRunner.access$000(SuiteRunner.java:39)
	at org.testng.SuiteRunner$SuiteWorker.run(SuiteRunner.java:393)
	at org.testng.internal.thread.ThreadUtil$2.call(ThreadUtil.java:64)
	at java.util.concurrent.FutureTask.run(FutureTask.java:266)
	at java.util.concurrent.ThreadPoolExecutor.runWorker(ThreadPoolExecutor.java:1142)
	at java.util.concurrent.ThreadPoolExecutor$Worker.run(ThreadPoolExecutor.java:617)
	at java.lang.Thread.run(Thread.java:748)
</failure>
  </testcase>
  <testcase classname="org.usgbc.regression.CommunityRegistrationCountryFieldTest" name="getDriver" time="74.773">
    <skipped/>
  </testcase>
  <testcase classname="org.usgbc.regression.CommunityRegistrationCountryFieldTest" name="testCommunityRegistrationCountryField" time="0">
    <skipped/>
  </testcase>
  <testcase classname="org.usgbc.regression.CommunityRegistrationCountryFieldTest" name="closeDriver" time="0">
    <skipped/>
  </testcase>
  <testcase classname="org.usgbc.regression.UsgbcCoreTest" name="getDriver" time="0">
    <skipped/>
  </testcase>
  <testcase classname="org.usgbc.regression.UsgbcCoreTest" name="testUsgbcCore" time="0">
    <skipped/>
  </testcase>
  <testcase classname="org.usgbc.regression.UsgbcCoreTest" name="closeDriver" time="0">
    <skipped/>
  </testcase>
  <testcase classname="org.usgbc.regression.LoggedUserTest" name="getDriver" time="0">
    <skipped/>
  </testcase>
  <testcase classname="org.usgbc.regression.LoggedUserTest" name="testLoggedUser" time="0">
    <skipped/>
  </testcase>
  <testcase classname="org.usgbc.regression.LoggedUserTest" name="closeDriver" time="0">
    <skipped/>
  </testcase>
  <testcase classname="org.usgbc.regression.LoggedUserTest" name="getDriver" time="0">
    <skipped/>
  </testcase>
  <testcase classname="org.usgbc.regression.LoggedUserTest" name="testLoggedUser2" time="0">
    <skipped/>
  </testcase>
  <testcase classname="org.usgbc.regression.LoggedUserTest" name="closeDriver" time="0">
    <skipped/>
  </testcase>
  <testcase classname="org.usgbc.regression.ErrorMessageCommRegTest" name="getDriver" time="0">
    <skipped/>
  </testcase>
  <testcase classname="org.usgbc.regression.ErrorMessageCommRegTest" name="testErrorMessagesCommReg" time="0">
    <skipped/>
  </testcase>
  <testcase classname="org.usgbc.regression.ErrorMessageCommRegTest" name="closeDriver" time="0">
    <skipped/>
  </testcase>
  <testcase classname="org.usgbc.regression.ErrorMessageCommRegTest" name="getDriver" time="0">
    <skipped/>
  </testcase>
  <testcase classname="org.usgbc.regression.ErrorMessageCommRegTest" name="testErrorMessagesCommRegCondition2" time="0">
    <skipped/>
  </testcase>
  <testcase classname="org.usgbc.regression.ErrorMessageCommRegTest" name="closeDriver" time="0">
    <skipped/>
  </testcase>
  <testcase classname="org.usgbc.regression.ErrorMessageCommRegTest" name="getDriver" time="0">
    <skipped/>
  </testcase>
  <testcase classname="org.usgbc.regression.ErrorMessageCommRegTest" name="testErrorMessagesCommRegCondition3" time="0">
    <skipped/>
  </testcase>
  <testcase classname="org.usgbc.regression.ErrorMessageCommRegTest" name="closeDriver" time="0">
    <skipped/>
  </testcase>
  <testcase classname="org.usgbc.regression.UsgbcStoreTest" name="getDriver" time="0">
    <skipped/>
  </testcase>
  <testcase classname="org.usgbc.regression.UsgbcStoreTest" name="testUsgbcStore" time="0">
    <skipped/>
  </testcase>
  <testcase classname="org.usgbc.regression.UsgbcStoreTest" name="closeDriver" time="0">
    <skipped/>
  </testcase>
  <testcase classname="org.usgbc.regression.UsgbcStoreTest" name="getDriver" time="0">
    <skipped/>
  </testcase>
  <testcase classname="org.usgbc.regression.UsgbcStoreTest" name="testUsgbcStoreGreen" time="0">
    <skipped/>
  </testcase>
  <testcase classname="org.usgbc.regression.UsgbcStoreTest" name="closeDriver" time="0">
    <skipped/>
  </testcase>
  <testcase classname="org.usgbc.regression.UsgbcStoreTest" name="getDriver" time="0">
    <skipped/>
  </testcase>
  <testcase classname="org.usgbc.regression.UsgbcStoreTest" name="testUsgbcStoreGreen2" time="0">
    <skipped/>
  </testcase>
  <testcase classname="org.usgbc.regression.UsgbcStoreTest" name="closeDriver" time="0">
    <skipped/>
  </testcase>
  <testcase classname="org.usgbc.regression.UsgbcStoreTest" name="getDriver" time="0.008">
    <skipped/>
  </testcase>
  <testcase classname="org.usgbc.regression.UsgbcStoreTest" name="testUsgbcStoreLEED" time="0">
    <skipped/>
  </testcase>
  <testcase classname="org.usgbc.regression.UsgbcStoreTest" name="closeDriver" time="0">
    <skipped/>
  </testcase>
  <testcase classname="org.usgbc.regression.UsgbcStoreTest" name="getDriver" time="0.001">
    <skipped/>
  </testcase>
  <testcase classname="org.usgbc.regression.UsgbcStoreTest" name="testUsgbcStoreLEED2" time="0">
    <skipped/>
  </testcase>
  <testcase classname="org.usgbc.regression.UsgbcStoreTest" name="closeDriver" time="0">
    <skipped/>
  </testcase>
  <testcase classname="org.usgbc.regression.StoreTest" name="getDriver" time="0">
    <skipped/>
  </testcase>
  <testcase classname="org.usgbc.regression.StoreTest" name="testShoppingCartLink" time="0">
    <skipped/>
  </testcase>
  <testcase classname="org.usgbc.regression.StoreTest" name="closeDriver" time="0.001">
    <skipped/>
  </testcase>
  <testcase classname="org.usgbc.regression.StoreTest" name="getDriver" time="0.001">
    <skipped/>
  </testcase>
  <testcase classname="org.usgbc.regression.StoreTest" name="testShoppingCartLink2" time="0">
    <skipped/>
  </testcase>
  <testcase classname="org.usgbc.regression.StoreTest" name="closeDriver" time="0">
    <skipped/>
  </testcase>
  <testcase classname="org.usgbc.regression.StoreTest" name="getDriver" time="0.001">
    <skipped/>
  </testcase>
  <testcase classname="org.usgbc.regression.StoreTest" name="testShoppingCartLink3" time="0">
    <skipped/>
  </testcase>
  <testcase classname="org.usgbc.regression.StoreTest" name="closeDriver" time="0">
    <skipped/>
  </testcase>
  <testcase classname="org.usgbc.regression.StoreTest" name="getDriver" time="0">
    <skipped/>
  </testcase>
  <testcase classname="org.usgbc.regression.StoreTest" name="testStoreGreen" time="0">
    <skipped/>
  </testcase>
  <testcase classname="org.usgbc.regression.StoreTest" name="closeDriver" time="0">
    <skipped/>
  </testcase>
  <testcase classname="org.usgbc.regression.StoreTest" name="getDriver" time="0">
    <skipped/>
  </testcase>
  <testcase classname="org.usgbc.regression.StoreTest" name="testStoreLEED" time="0">
    <skipped/>
  </testcase>
  <testcase classname="org.usgbc.regression.StoreTest" name="closeDriver" time="0.001">
    <skipped/>
  </testcase>
  <testcase classname="org.usgbc.regression.StoreTest" name="getDriver" time="0.001">
    <skipped/>
  </testcase>
  <testcase classname="org.usgbc.regression.StoreTest" name="testStoreLEEDandGreen" time="0">
    <skipped/>
  </testcase>
  <testcase classname="org.usgbc.regression.StoreTest" name="closeDriver" time="0">
    <skipped/>
  </testcase>
  <testcase classname="org.usgbc.regression.MembershipTest" name="getDriver" time="0.001">
    <skipped/>
  </testcase>
  <testcase classname="org.usgbc.regression.MembershipTest" name="testMembership" time="0">
    <skipped/>
  </testcase>
  <testcase classname="org.usgbc.regression.MembershipTest" name="closeDriver" time="0">
    <skipped/>
  </testcase>
  <testcase classname="org.usgbc.regression.CommunityRegistrationCountryFieldTest" name="testCommunityRegistrationCountryField" time="0"/>
  <testcase classname="org.usgbc.regression.UsgbcCoreTest" name="testUsgbcCore" time="10,833.016">
    <failure message="Reached error page: about:neterror?e=dnsNotFound&amp;u=https%3A//test-dynamic-usgbc.pantheonsite.io/signin&amp;c=UTF-8&amp;f=regular&amp;d=Firefox%20can%E2%80%99t%20find%20the%20server%20at%20test-dynamic-usgbc.pantheonsite.io.
Build info: version: &apos;3.7.0&apos;, revision: &apos;2321c73&apos;, time: &apos;2017-11-02T22:22:35.584Z&apos;
System info: host: &apos;G10GGNLT049&apos;, ip: &apos;192.168.56.1&apos;, os.name: &apos;Windows 10&apos;, os.arch: &apos;amd64&apos;, os.version: &apos;10.0&apos;, java.version: &apos;1.8.0_131&apos;
Driver info: org.openqa.selenium.firefox.FirefoxDriver
Capabilities {acceptInsecureCerts: true, browserName: firefox, browserVersion: 56.0.2, javascriptEnabled: true, moz:accessibilityChecks: false, moz:headless: false, moz:processID: 19408, moz:profile: C:\Users\Groupten\AppData\L..., pageLoadStrategy: normal, platform: XP, platformName: XP, platformVersion: 10.0, rotatable: false, specificationLevel: 0, timeouts: {implicit: 0, pageLoad: 300000, script: 30000}}
Session ID: ebf0dc41-9a51-418c-8c36-e85371909045" type="java.lang.Error">java.lang.Error: Reached error page: about:neterror?e=dnsNotFound&amp;u=https%3A//test-dynamic-usgbc.pantheonsite.io/signin&amp;c=UTF-8&amp;f=regular&amp;d=Firefox%20can%E2%80%99t%20find%20the%20server%20at%20test-dynamic-usgbc.pantheonsite.io.
Build info: version: &apos;3.7.0&apos;, revision: &apos;2321c73&apos;, time: &apos;2017-11-02T22:22:35.584Z&apos;
System info: host: &apos;G10GGNLT049&apos;, ip: &apos;192.168.56.1&apos;, os.name: &apos;Windows 10&apos;, os.arch: &apos;amd64&apos;, os.version: &apos;10.0&apos;, java.version: &apos;1.8.0_131&apos;
Driver info: org.openqa.selenium.firefox.FirefoxDriver
Capabilities {acceptInsecureCerts: true, browserName: firefox, browserVersion: 56.0.2, javascriptEnabled: true, moz:accessibilityChecks: false, moz:headless: false, moz:processID: 19408, moz:profile: C:\Users\Groupten\AppData\L..., pageLoadStrategy: normal, platform: XP, platformName: XP, platformVersion: 10.0, rotatable: false, specificationLevel: 0, timeouts: {implicit: 0, pageLoad: 300000, script: 30000}}
Session ID: ebf0dc41-9a51-418c-8c36-e85371909045
	at sun.reflect.NativeConstructorAccessorImpl.newInstance0(Native Method)
	at sun.reflect.NativeConstructorAccessorImpl.newInstance(NativeConstructorAccessorImpl.java:62)
	at sun.reflect.DelegatingConstructorAccessorImpl.newInstance(DelegatingConstructorAccessorImpl.java:45)
	at java.lang.reflect.Constructor.newInstance(Constructor.java:423)
	at org.openqa.selenium.remote.http.W3CHttpResponseCodec.createException(W3CHttpResponseCodec.java:187)
	at org.openqa.selenium.remote.http.W3CHttpResponseCodec.decode(W3CHttpResponseCodec.java:122)
	at org.openqa.selenium.remote.http.W3CHttpResponseCodec.decode(W3CHttpResponseCodec.java:49)
	at org.openqa.selenium.remote.HttpCommandExecutor.execute(HttpCommandExecutor.java:164)
	at org.openqa.selenium.remote.service.DriverCommandExecutor.execute(DriverCommandExecutor.java:83)
	at org.openqa.selenium.remote.RemoteWebDriver.execute(RemoteWebDriver.java:600)
	at org.openqa.selenium.remote.RemoteWebElement.execute(RemoteWebElement.java:279)
	at org.openqa.selenium.remote.RemoteWebElement.click(RemoteWebElement.java:83)
	at org.usgbc.business.UsgbcCore.UsgbcCoreForm(UsgbcCore.java:45)
	at org.usgbc.regression.UsgbcCoreTest.testUsgbcCore(UsgbcCoreTest.java:27)
</failure>
    <system-out>--------Browser Closed--------
Report file Created
-----Firefox Browser Launched----- 
Usgbc Core Module
Broken Link for / 
Total links are 43
Reached error page: about:neterror?e=dnsNotFound&amp;u=https%3A//test-dynamic-usgbc.pantheonsite.io/signin&amp;c=UTF-8&amp;f=regular&amp;d=Firefox%20can%E2%80%99t%20find%20the%20server%20at%20test-dynamic-usgbc.pantheonsite.io.
Build info: version: &apos;3.7.0&apos;, revision: &apos;2321c73&apos;, time: &apos;2017-11-02T22:22:35.584Z&apos;
System info: host: &apos;G10GGNLT049&apos;, ip: &apos;192.168.56.1&apos;, os.name: &apos;Windows 10&apos;, os.arch: &apos;amd64&apos;, os.version: &apos;10.0&apos;, java.version: &apos;1.8.0_131&apos;
Driver info: org.openqa.selenium.firefox.FirefoxDriver
Capabilities {acceptInsecureCerts: true, browserName: firefox, browserVersion: 56.0.2, javascriptEnabled: true, moz:accessibilityChecks: false, moz:headless: false, moz:processID: 19408, moz:profile: C:\Users\Groupten\AppData\L..., pageLoadStrategy: normal, platform: XP, platformName: XP, platformVersion: 10.0, rotatable: false, specificationLevel: 0, timeouts: {implicit: 0, pageLoad: 300000, script: 30000}}
Session ID: ebf0dc41-9a51-418c-8c36-e85371909045
</system-out>
    <system-err>Nov 06, 2017 5:33:48 PM org.openqa.selenium.remote.ProtocolHandshake createSession
INFO: Detected dialect: W3C
</system-err>
  </testcase>
  <testcase classname="org.usgbc.regression.LoggedUserTest" name="testLoggedUser" time="52.794">
    <failure message="Failed to decode response from marionette
Build info: version: &apos;3.7.0&apos;, revision: &apos;2321c73&apos;, time: &apos;2017-11-02T22:22:35.584Z&apos;
System info: host: &apos;G10GGNLT049&apos;, ip: &apos;192.168.56.1&apos;, os.name: &apos;Windows 10&apos;, os.arch: &apos;amd64&apos;, os.version: &apos;10.0&apos;, java.version: &apos;1.8.0_131&apos;
Driver info: org.openqa.selenium.firefox.FirefoxDriver
Capabilities {acceptInsecureCerts: true, browserName: firefox, browserVersion: 56.0.2, javascriptEnabled: true, moz:accessibilityChecks: false, moz:headless: false, moz:processID: 16792, moz:profile: C:\Users\Groupten\AppData\L..., pageLoadStrategy: normal, platform: XP, platformName: XP, platformVersion: 10.0, rotatable: false, specificationLevel: 0, timeouts: {implicit: 0, pageLoad: 300000, script: 30000}}
Session ID: 06b4de99-6768-425c-8041-8cd4ef9cf8fb
*** Element info: {Using=xpath, value=.//*[@id=&apos;main-menu&apos;]/li[4]/a}" type="java.lang.Error">java.lang.Error: Failed to decode response from marionette
Build info: version: &apos;3.7.0&apos;, revision: &apos;2321c73&apos;, time: &apos;2017-11-02T22:22:35.584Z&apos;
System info: host: &apos;G10GGNLT049&apos;, ip: &apos;192.168.56.1&apos;, os.name: &apos;Windows 10&apos;, os.arch: &apos;amd64&apos;, os.version: &apos;10.0&apos;, java.version: &apos;1.8.0_131&apos;
Driver info: org.openqa.selenium.firefox.FirefoxDriver
Capabilities {acceptInsecureCerts: true, browserName: firefox, browserVersion: 56.0.2, javascriptEnabled: true, moz:accessibilityChecks: false, moz:headless: false, moz:processID: 16792, moz:profile: C:\Users\Groupten\AppData\L..., pageLoadStrategy: normal, platform: XP, platformName: XP, platformVersion: 10.0, rotatable: false, specificationLevel: 0, timeouts: {implicit: 0, pageLoad: 300000, script: 30000}}
Session ID: 06b4de99-6768-425c-8041-8cd4ef9cf8fb
*** Element info: {Using=xpath, value=.//*[@id=&apos;main-menu&apos;]/li[4]/a}
	at sun.reflect.NativeConstructorAccessorImpl.newInstance0(Native Method)
	at sun.reflect.NativeConstructorAccessorImpl.newInstance(NativeConstructorAccessorImpl.java:62)
	at sun.reflect.DelegatingConstructorAccessorImpl.newInstance(DelegatingConstructorAccessorImpl.java:45)
	at java.lang.reflect.Constructor.newInstance(Constructor.java:423)
	at org.openqa.selenium.remote.http.W3CHttpResponseCodec.createException(W3CHttpResponseCodec.java:187)
	at org.openqa.selenium.remote.http.W3CHttpResponseCodec.decode(W3CHttpResponseCodec.java:122)
	at org.openqa.selenium.remote.http.W3CHttpResponseCodec.decode(W3CHttpResponseCodec.java:49)
	at org.openqa.selenium.remote.HttpCommandExecutor.execute(HttpCommandExecutor.java:164)
	at org.openqa.selenium.remote.service.DriverCommandExecutor.execute(DriverCommandExecutor.java:83)
	at org.openqa.selenium.remote.RemoteWebDriver.execute(RemoteWebDriver.java:600)
	at org.openqa.selenium.remote.RemoteWebDriver.findElement(RemoteWebDriver.java:370)
	at org.openqa.selenium.remote.RemoteWebDriver.findElementByXPath(RemoteWebDriver.java:472)
	at org.openqa.selenium.By$ByXPath.findElement(By.java:361)
	at org.openqa.selenium.remote.RemoteWebDriver.findElement(RemoteWebDriver.java:362)
	at org.usgbc.business.LoggedUser.loggedUserVerification(LoggedUser.java:19)
	at org.usgbc.regression.LoggedUserTest.testLoggedUser(LoggedUserTest.java:25)
</failure>
    <system-out>Screenshot taken
--------Browser Closed--------
Report file Created
-----Firefox Browser Launched----- 
Logged User  Test
Failed to decode response from marionette
Build info: version: &apos;3.7.0&apos;, revision: &apos;2321c73&apos;, time: &apos;2017-11-02T22:22:35.584Z&apos;
System info: host: &apos;G10GGNLT049&apos;, ip: &apos;192.168.56.1&apos;, os.name: &apos;Windows 10&apos;, os.arch: &apos;amd64&apos;, os.version: &apos;10.0&apos;, java.version: &apos;1.8.0_131&apos;
Driver info: org.openqa.selenium.firefox.FirefoxDriver
Capabilities {acceptInsecureCerts: true, browserName: firefox, browserVersion: 56.0.2, javascriptEnabled: true, moz:accessibilityChecks: false, moz:headless: false, moz:processID: 16792, moz:profile: C:\Users\Groupten\AppData\L..., pageLoadStrategy: normal, platform: XP, platformName: XP, platformVersion: 10.0, rotatable: false, specificationLevel: 0, timeouts: {implicit: 0, pageLoad: 300000, script: 30000}}
Session ID: 06b4de99-6768-425c-8041-8cd4ef9cf8fb
*** Element info: {Using=xpath, value=.//*[@id=&apos;main-menu&apos;]/li[4]/a}
</system-out>
    <system-err>Nov 06, 2017 9:03:41 PM org.openqa.selenium.remote.ProtocolHandshake createSession
INFO: Detected dialect: W3C
</system-err>
  </testcase>
  <testcase classname="org.usgbc.regression.LoggedUserTest" name="closeDriver" time="52.825">
    <failure message="Tried to run command without establishing a connection
Build info: version: &apos;3.7.0&apos;, revision: &apos;2321c73&apos;, time: &apos;2017-11-02T22:22:35.584Z&apos;
System info: host: &apos;G10GGNLT049&apos;, ip: &apos;192.168.56.1&apos;, os.name: &apos;Windows 10&apos;, os.arch: &apos;amd64&apos;, os.version: &apos;10.0&apos;, java.version: &apos;1.8.0_131&apos;
Driver info: org.openqa.selenium.firefox.FirefoxDriver
Capabilities {acceptInsecureCerts: true, browserName: firefox, browserVersion: 56.0.2, javascriptEnabled: true, moz:accessibilityChecks: false, moz:headless: false, moz:processID: 16792, moz:profile: C:\Users\Groupten\AppData\L..., pageLoadStrategy: normal, platform: XP, platformName: XP, platformVersion: 10.0, rotatable: false, specificationLevel: 0, timeouts: {implicit: 0, pageLoad: 300000, script: 30000}}
Session ID: 06b4de99-6768-425c-8041-8cd4ef9cf8fb" type="org.openqa.selenium.SessionNotCreatedException">org.openqa.selenium.SessionNotCreatedException: Tried to run command without establishing a connection
Build info: version: &apos;3.7.0&apos;, revision: &apos;2321c73&apos;, time: &apos;2017-11-02T22:22:35.584Z&apos;
System info: host: &apos;G10GGNLT049&apos;, ip: &apos;192.168.56.1&apos;, os.name: &apos;Windows 10&apos;, os.arch: &apos;amd64&apos;, os.version: &apos;10.0&apos;, java.version: &apos;1.8.0_131&apos;
Driver info: org.openqa.selenium.firefox.FirefoxDriver
Capabilities {acceptInsecureCerts: true, browserName: firefox, browserVersion: 56.0.2, javascriptEnabled: true, moz:accessibilityChecks: false, moz:headless: false, moz:processID: 16792, moz:profile: C:\Users\Groupten\AppData\L..., pageLoadStrategy: normal, platform: XP, platformName: XP, platformVersion: 10.0, rotatable: false, specificationLevel: 0, timeouts: {implicit: 0, pageLoad: 300000, script: 30000}}
Session ID: 06b4de99-6768-425c-8041-8cd4ef9cf8fb
	at sun.reflect.NativeConstructorAccessorImpl.newInstance0(Native Method)
	at sun.reflect.NativeConstructorAccessorImpl.newInstance(NativeConstructorAccessorImpl.java:62)
	at sun.reflect.DelegatingConstructorAccessorImpl.newInstance(DelegatingConstructorAccessorImpl.java:45)
	at java.lang.reflect.Constructor.newInstance(Constructor.java:423)
	at org.openqa.selenium.remote.http.W3CHttpResponseCodec.createException(W3CHttpResponseCodec.java:187)
	at org.openqa.selenium.remote.http.W3CHttpResponseCodec.decode(W3CHttpResponseCodec.java:122)
	at org.openqa.selenium.remote.http.W3CHttpResponseCodec.decode(W3CHttpResponseCodec.java:49)
	at org.openqa.selenium.remote.HttpCommandExecutor.execute(HttpCommandExecutor.java:164)
	at org.openqa.selenium.remote.service.DriverCommandExecutor.execute(DriverCommandExecutor.java:83)
	at org.openqa.selenium.remote.RemoteWebDriver.execute(RemoteWebDriver.java:600)
	at org.openqa.selenium.remote.RemoteWebDriver.execute(RemoteWebDriver.java:657)
	at org.openqa.selenium.remote.RemoteWebDriver.getScreenshotAs(RemoteWebDriver.java:342)
	at org.usgbc.utility.Report.afterMethod(Report.java:65)
	at org.usgbc.utility.Base.closeDriver(Base.java:95)
	at sun.reflect.NativeMethodAccessorImpl.invoke0(Native Method)
	at sun.reflect.NativeMethodAccessorImpl.invoke(NativeMethodAccessorImpl.java:62)
	at sun.reflect.DelegatingMethodAccessorImpl.invoke(DelegatingMethodAccessorImpl.java:43)
	at java.lang.reflect.Method.invoke(Method.java:498)
	at org.testng.internal.MethodInvocationHelper.invokeMethod(MethodInvocationHelper.java:85)
	at org.testng.internal.Invoker.invokeConfigurationMethod(Invoker.java:510)
	at org.testng.internal.Invoker.invokeConfigurations(Invoker.java:211)
	at org.testng.internal.Invoker.invokeMethod(Invoker.java:703)
	at org.testng.internal.Invoker.invokeTestMethod(Invoker.java:816)
	at org.testng.internal.Invoker.invokeTestMethods(Invoker.java:1124)
	at org.testng.internal.TestMethodWorker.invokeTestMethods(TestMethodWorker.java:125)
	at org.testng.internal.TestMethodWorker.run(TestMethodWorker.java:108)
	at org.testng.TestRunner.privateRun(TestRunner.java:774)
	at org.testng.TestRunner.run(TestRunner.java:624)
	at org.testng.SuiteRunner.runTest(SuiteRunner.java:359)
	at org.testng.SuiteRunner.access$000(SuiteRunner.java:39)
	at org.testng.SuiteRunner$SuiteWorker.run(SuiteRunner.java:393)
	at org.testng.internal.thread.ThreadUtil$2.call(ThreadUtil.java:64)
	at java.util.concurrent.FutureTask.run(FutureTask.java:266)
	at java.util.concurrent.ThreadPoolExecutor.runWorker(ThreadPoolExecutor.java:1142)
	at java.util.concurrent.ThreadPoolExecutor$Worker.run(ThreadPoolExecutor.java:617)
	at java.lang.Thread.run(Thread.java:748)
</failure>
  </testcase>
  <testcase classname="org.usgbc.regression.LoggedUserTest" name="getDriver" time="52.825">
    <skipped/>
  </testcase>
  <testcase classname="org.usgbc.regression.LoggedUserTest" name="testLoggedUser2" time="0">
    <skipped/>
  </testcase>
  <testcase classname="org.usgbc.regression.LoggedUserTest" name="closeDriver" time="0">
    <skipped/>
  </testcase>
  <testcase classname="org.usgbc.regression.ErrorMessageCommRegTest" name="getDriver" time="0">
    <skipped/>
  </testcase>
  <testcase classname="org.usgbc.regression.ErrorMessageCommRegTest" name="testErrorMessagesCommReg" time="0">
    <skipped/>
  </testcase>
  <testcase classname="org.usgbc.regression.ErrorMessageCommRegTest" name="closeDriver" time="0">
    <skipped/>
  </testcase>
  <testcase classname="org.usgbc.regression.ErrorMessageCommRegTest" name="getDriver" time="0">
    <skipped/>
  </testcase>
  <testcase classname="org.usgbc.regression.ErrorMessageCommRegTest" name="testErrorMessagesCommRegCondition2" time="0">
    <skipped/>
  </testcase>
  <testcase classname="org.usgbc.regression.ErrorMessageCommRegTest" name="closeDriver" time="0">
    <skipped/>
  </testcase>
  <testcase classname="org.usgbc.regression.ErrorMessageCommRegTest" name="getDriver" time="0">
    <skipped/>
  </testcase>
  <testcase classname="org.usgbc.regression.ErrorMessageCommRegTest" name="testErrorMessagesCommRegCondition3" time="0">
    <skipped/>
  </testcase>
  <testcase classname="org.usgbc.regression.ErrorMessageCommRegTest" name="closeDriver" time="0">
    <skipped/>
  </testcase>
  <testcase classname="org.usgbc.regression.UsgbcStoreTest" name="getDriver" time="0">
    <skipped/>
  </testcase>
  <testcase classname="org.usgbc.regression.UsgbcStoreTest" name="testUsgbcStore" time="0">
    <skipped/>
  </testcase>
  <testcase classname="org.usgbc.regression.UsgbcStoreTest" name="closeDriver" time="0">
    <skipped/>
  </testcase>
  <testcase classname="org.usgbc.regression.UsgbcStoreTest" name="getDriver" time="0">
    <skipped/>
  </testcase>
  <testcase classname="org.usgbc.regression.UsgbcStoreTest" name="testUsgbcStoreGreen" time="0">
    <skipped/>
  </testcase>
  <testcase classname="org.usgbc.regression.UsgbcStoreTest" name="closeDriver" time="0">
    <skipped/>
  </testcase>
  <testcase classname="org.usgbc.regression.UsgbcStoreTest" name="getDriver" time="0">
    <skipped/>
  </testcase>
  <testcase classname="org.usgbc.regression.UsgbcStoreTest" name="testUsgbcStoreGreen2" time="0">
    <skipped/>
  </testcase>
  <testcase classname="org.usgbc.regression.UsgbcStoreTest" name="closeDriver" time="0">
    <skipped/>
  </testcase>
  <testcase classname="org.usgbc.regression.UsgbcStoreTest" name="getDriver" time="0">
    <skipped/>
  </testcase>
  <testcase classname="org.usgbc.regression.UsgbcStoreTest" name="testUsgbcStoreLEED" time="0">
    <skipped/>
  </testcase>
  <testcase classname="org.usgbc.regression.UsgbcStoreTest" name="closeDriver" time="0">
    <skipped/>
  </testcase>
  <testcase classname="org.usgbc.regression.UsgbcStoreTest" name="getDriver" time="0">
    <skipped/>
  </testcase>
  <testcase classname="org.usgbc.regression.UsgbcStoreTest" name="testUsgbcStoreLEED2" time="0">
    <skipped/>
  </testcase>
  <testcase classname="org.usgbc.regression.UsgbcStoreTest" name="closeDriver" time="0">
    <skipped/>
  </testcase>
  <testcase classname="org.usgbc.regression.StoreTest" name="getDriver" time="0">
    <skipped/>
  </testcase>
  <testcase classname="org.usgbc.regression.StoreTest" name="testShoppingCartLink" time="0">
    <skipped/>
  </testcase>
  <testcase classname="org.usgbc.regression.StoreTest" name="closeDriver" time="0">
    <skipped/>
  </testcase>
  <testcase classname="org.usgbc.regression.StoreTest" name="getDriver" time="0">
    <skipped/>
  </testcase>
  <testcase classname="org.usgbc.regression.StoreTest" name="testShoppingCartLink2" time="0">
    <skipped/>
  </testcase>
  <testcase classname="org.usgbc.regression.StoreTest" name="closeDriver" time="0">
    <skipped/>
  </testcase>
  <testcase classname="org.usgbc.regression.StoreTest" name="getDriver" time="0">
    <skipped/>
  </testcase>
  <testcase classname="org.usgbc.regression.StoreTest" name="testShoppingCartLink3" time="0">
    <skipped/>
  </testcase>
  <testcase classname="org.usgbc.regression.StoreTest" name="closeDriver" time="0">
    <skipped/>
  </testcase>
  <testcase classname="org.usgbc.regression.StoreTest" name="getDriver" time="0">
    <skipped/>
  </testcase>
  <testcase classname="org.usgbc.regression.StoreTest" name="testStoreGreen" time="0">
    <skipped/>
  </testcase>
  <testcase classname="org.usgbc.regression.StoreTest" name="closeDriver" time="0">
    <skipped/>
  </testcase>
  <testcase classname="org.usgbc.regression.StoreTest" name="getDriver" time="0">
    <skipped/>
  </testcase>
  <testcase classname="org.usgbc.regression.StoreTest" name="testStoreLEED" time="0">
    <skipped/>
  </testcase>
  <testcase classname="org.usgbc.regression.StoreTest" name="closeDriver" time="0">
    <skipped/>
  </testcase>
  <testcase classname="org.usgbc.regression.StoreTest" name="getDriver" time="0">
    <skipped/>
  </testcase>
  <testcase classname="org.usgbc.regression.StoreTest" name="testStoreLEEDandGreen" time="0">
    <skipped/>
  </testcase>
  <testcase classname="org.usgbc.regression.StoreTest" name="closeDriver" time="0">
    <skipped/>
  </testcase>
  <testcase classname="org.usgbc.regression.MembershipTest" name="getDriver" time="0">
    <skipped/>
  </testcase>
  <testcase classname="org.usgbc.regression.MembershipTest" name="testMembership" time="0">
    <skipped/>
  </testcase>
  <testcase classname="org.usgbc.regression.MembershipTest" name="closeDriver" time="0">
    <skipped/>
  </testcase>
</testsuite>