<?xml version="1.0" encoding="UTF-8" ?>
<testsuite tests="78" failures="1" name="TestSuite" time="1.963" errors="0" skipped="77">
  <properties>
    <property name="java.runtime.name" value="Java(TM) SE Runtime Environment"/>
    <property name="sun.boot.library.path" value="C:\Program Files\Java\jdk1.8.0_131\jre\bin"/>
    <property name="java.vm.version" value="25.131-b11"/>
    <property name="java.vm.vendor" value="Oracle Corporation"/>
    <property name="maven.multiModuleProjectDirectory" value="C:\Users\Groupten\eclipse-workspace\usgbc"/>
    <property name="java.vendor.url" value="http://java.oracle.com/"/>
    <property name="path.separator" value=";"/>
    <property name="guice.disable.misplaced.annotation.check" value="true"/>
    <property name="java.vm.name" value="Java HotSpot(TM) 64-Bit Server VM"/>
    <property name="file.encoding.pkg" value="sun.io"/>
    <property name="user.script" value=""/>
    <property name="user.country" value="IN"/>
    <property name="sun.java.launcher" value="SUN_STANDARD"/>
    <property name="sun.os.patch.level" value=""/>
    <property name="java.vm.specification.name" value="Java Virtual Machine Specification"/>
    <property name="user.dir" value="C:\Users\Groupten\eclipse-workspace\usgbc"/>
    <property name="java.runtime.version" value="1.8.0_131-b11"/>
    <property name="java.awt.graphicsenv" value="sun.awt.Win32GraphicsEnvironment"/>
    <property name="java.endorsed.dirs" value="C:\Program Files\Java\jdk1.8.0_131\jre\lib\endorsed"/>
    <property name="os.arch" value="amd64"/>
    <property name="java.io.tmpdir" value="C:\Users\Groupten\AppData\Local\Temp\"/>
    <property name="line.separator" value="
"/>
    <property name="java.vm.specification.vendor" value="Oracle Corporation"/>
    <property name="user.variant" value=""/>
    <property name="os.name" value="Windows 10"/>
    <property name="classworlds.conf" value="C:\Users\Groupten\eclipse-workspace\.metadata\.plugins\org.eclipse.m2e.launching\launches\m2conf5118013383889558451.tmp"/>
    <property name="sun.jnu.encoding" value="Cp1252"/>
    <property name="java.library.path" value="C:\Program Files\Java\jdk1.8.0_131\bin;C:\Windows\Sun\Java\bin;C:\Windows\system32;C:\Windows;C:/Program Files/Java/jdk1.8.0_131/bin/../jre/bin/server;C:/Program Files/Java/jdk1.8.0_131/bin/../jre/bin;C:/Program Files/Java/jdk1.8.0_131/bin/../jre/lib/amd64;C:\Program Files\Java\jdk1.8.0_131\bin;C:\ProgramData\Oracle\Java\javapath;C:\Program Files (x86)\Intel\iCLS Client\;C:\Program Files\Intel\iCLS Client\;C:\Windows\system32;C:\Windows;C:\Windows\System32\Wbem;C:\Windows\System32\WindowsPowerShell\v1.0\;C:\Program Files (x86)\Intel\Intel(R) Management Engine Components\DAL;C:\Program Files\Intel\Intel(R) Management Engine Components\DAL;C:\Program Files (x86)\Intel\Intel(R) Management Engine Components\IPT;C:\Program Files\Intel\Intel(R) Management Engine Components\IPT;C:\Program Files\Intel\WiFi\bin\;C:\Program Files\Common Files\Intel\WirelessCommon\;C:\Program Files (x86)\DevDesktop\tools;C:\ProgramData\ComposerSetup\bin;C:\xampp\php;C:\Program Files\Apache\maven\bin;C:\Program Files\Git\cmd;C:\Program Files\nodejs\;C:\Program Files (x86)\DevDesktop\php7_0;C:\Program Files\Java\jdk1.8.0_131\bin;C:\Users\Groupten\AppData\Local\Microsoft\WindowsApps;C:\bin;C:\Users\Groupten\AppData\Roaming\Composer\vendor\bin;C:\Users\Groupten\AppData\Local\GitHubDesktop\bin;C:\Program Files\phantomjs-2.1.1-windows\bin;C:\Users\Groupten\AppData\Roaming\npm;;C:\Users\Groupten\Desktop\eclipse\eclipse;;."/>
    <property name="java.specification.name" value="Java Platform API Specification"/>
    <property name="java.class.version" value="52.0"/>
    <property name="sun.management.compiler" value="HotSpot 64-Bit Tiered Compilers"/>
    <property name="os.version" value="10.0"/>
    <property name="user.home" value="C:\Users\Groupten"/>
    <property name="user.timezone" value="Asia/Calcutta"/>
    <property name="java.awt.printerjob" value="sun.awt.windows.WPrinterJob"/>
    <property name="java.specification.version" value="1.8"/>
    <property name="file.encoding" value="Cp1252"/>
    <property name="user.name" value="Groupten"/>
    <property name="java.class.path" value="/C:/Users/Groupten/Desktop/eclipse/eclipse/plugins/org.eclipse.m2e.maven.runtime_1.8.0.20170516-2042/jars/plexus-classworlds-2.5.2.jar"/>
    <property name="java.vm.specification.version" value="1.8"/>
    <property name="sun.arch.data.model" value="64"/>
    <property name="java.home" value="C:\Program Files\Java\jdk1.8.0_131\jre"/>
    <property name="sun.java.command" value="org.codehaus.plexus.classworlds.launcher.Launcher -B test"/>
    <property name="java.specification.vendor" value="Oracle Corporation"/>
    <property name="user.language" value="en"/>
    <property name="awt.toolkit" value="sun.awt.windows.WToolkit"/>
    <property name="java.vm.info" value="mixed mode"/>
    <property name="java.version" value="1.8.0_131"/>
    <property name="java.ext.dirs" value="C:\Program Files\Java\jdk1.8.0_131\jre\lib\ext;C:\Windows\Sun\Java\lib\ext"/>
    <property name="sun.boot.class.path" value="C:\Program Files\Java\jdk1.8.0_131\jre\lib\resources.jar;C:\Program Files\Java\jdk1.8.0_131\jre\lib\rt.jar;C:\Program Files\Java\jdk1.8.0_131\jre\lib\sunrsasign.jar;C:\Program Files\Java\jdk1.8.0_131\jre\lib\jsse.jar;C:\Program Files\Java\jdk1.8.0_131\jre\lib\jce.jar;C:\Program Files\Java\jdk1.8.0_131\jre\lib\charsets.jar;C:\Program Files\Java\jdk1.8.0_131\jre\lib\jfr.jar;C:\Program Files\Java\jdk1.8.0_131\jre\classes"/>
    <property name="java.vendor" value="Oracle Corporation"/>
    <property name="maven.home" value="C:\Users\Groupten\eclipse-workspace\usgbc\EMBEDDED"/>
    <property name="file.separator" value="\"/>
    <property name="java.vendor.url.bug" value="http://bugreport.sun.com/bugreport/"/>
    <property name="sun.cpu.endian" value="little"/>
    <property name="sun.io.unicode.encoding" value="UnicodeLittle"/>
    <property name="sun.desktop" value="windows"/>
    <property name="sun.cpu.isalist" value="amd64"/>
  </properties>
  <testcase classname="org.usgbc.regression.CommunityRegistrationTest" name="getDriver" time="1.93">
    <failure type="java.lang.NullPointerException">java.lang.NullPointerException
	at org.usgbc.utility.Base.getDriver(Base.java:50)
	at sun.reflect.NativeMethodAccessorImpl.invoke0(Native Method)
	at sun.reflect.NativeMethodAccessorImpl.invoke(NativeMethodAccessorImpl.java:62)
	at sun.reflect.DelegatingMethodAccessorImpl.invoke(DelegatingMethodAccessorImpl.java:43)
	at java.lang.reflect.Method.invoke(Method.java:498)
	at org.testng.internal.MethodInvocationHelper.invokeMethod(MethodInvocationHelper.java:85)
	at org.testng.internal.Invoker.invokeConfigurationMethod(Invoker.java:510)
	at org.testng.internal.Invoker.invokeConfigurations(Invoker.java:211)
	at org.testng.internal.Invoker.invokeMethod(Invoker.java:585)
	at org.testng.internal.Invoker.invokeTestMethod(Invoker.java:816)
	at org.testng.internal.Invoker.invokeTestMethods(Invoker.java:1124)
	at org.testng.internal.TestMethodWorker.invokeTestMethods(TestMethodWorker.java:125)
	at org.testng.internal.TestMethodWorker.run(TestMethodWorker.java:108)
	at org.testng.TestRunner.privateRun(TestRunner.java:774)
	at org.testng.TestRunner.run(TestRunner.java:624)
	at org.testng.SuiteRunner.runTest(SuiteRunner.java:359)
	at org.testng.SuiteRunner.runSequentially(SuiteRunner.java:354)
	at org.testng.SuiteRunner.privateRun(SuiteRunner.java:312)
	at org.testng.SuiteRunner.run(SuiteRunner.java:261)
	at org.testng.SuiteRunnerWorker.runSuite(SuiteRunnerWorker.java:52)
	at org.testng.SuiteRunnerWorker.run(SuiteRunnerWorker.java:86)
	at org.testng.TestNG.runSuitesSequentially(TestNG.java:1191)
	at org.testng.TestNG.runSuitesLocally(TestNG.java:1116)
	at org.testng.TestNG.run(TestNG.java:1024)
	at org.apache.maven.surefire.testng.TestNGExecutor.run(TestNGExecutor.java:178)
	at org.apache.maven.surefire.testng.TestNGXmlTestSuite.execute(TestNGXmlTestSuite.java:92)
	at org.apache.maven.surefire.testng.TestNGProvider.invoke(TestNGProvider.java:96)
	at sun.reflect.NativeMethodAccessorImpl.invoke0(Native Method)
	at sun.reflect.NativeMethodAccessorImpl.invoke(NativeMethodAccessorImpl.java:62)
	at sun.reflect.DelegatingMethodAccessorImpl.invoke(DelegatingMethodAccessorImpl.java:43)
	at java.lang.reflect.Method.invoke(Method.java:498)
	at org.apache.maven.surefire.util.ReflectionUtils.invokeMethodWithArray(ReflectionUtils.java:189)
	at org.apache.maven.surefire.booter.ProviderFactory$ProviderProxy.invoke(ProviderFactory.java:165)
	at org.apache.maven.surefire.booter.ProviderFactory.invokeProvider(ProviderFactory.java:85)
	at org.apache.maven.surefire.booter.ForkedBooter.runSuitesInProcess(ForkedBooter.java:113)
	at org.apache.maven.surefire.booter.ForkedBooter.main(ForkedBooter.java:75)
</failure>
    <system-out>Report file Created
</system-out>
  </testcase>
  <testcase classname="org.usgbc.regression.CommunityRegistrationTest" name="testCommunityRegistrationForExistingUser" time="0">
    <skipped/>
  </testcase>
  <testcase classname="org.usgbc.regression.CommunityRegistrationTest" name="closeDriver" time="0">
    <skipped/>
  </testcase>
  <testcase classname="org.usgbc.regression.CommunityRegistrationTest" name="getDriver" time="0">
    <skipped/>
  </testcase>
  <testcase classname="org.usgbc.regression.CommunityRegistrationTest" name="testCommunityRegistrationForExistingUser" time="0">
    <skipped/>
  </testcase>
  <testcase classname="org.usgbc.regression.CommunityRegistrationTest" name="closeDriver" time="0">
    <skipped/>
  </testcase>
  <testcase classname="org.usgbc.regression.CommunityRegistrationTest" name="getDriver" time="0">
    <skipped/>
  </testcase>
  <testcase classname="org.usgbc.regression.CommunityRegistrationTest" name="testCommunityRegistrationForNonExistingUser" time="0">
    <skipped/>
  </testcase>
  <testcase classname="org.usgbc.regression.CommunityRegistrationTest" name="closeDriver" time="0">
    <skipped/>
  </testcase>
  <testcase classname="org.usgbc.regression.CommunityRegistrationTest" name="getDriver" time="0">
    <skipped/>
  </testcase>
  <testcase classname="org.usgbc.regression.CommunityRegistrationTest" name="testCommunityRegistrationForNonExistingUserToGetRegistered" time="0">
    <skipped/>
  </testcase>
  <testcase classname="org.usgbc.regression.CommunityRegistrationTest" name="closeDriver" time="0">
    <skipped/>
  </testcase>
  <testcase classname="org.usgbc.regression.CommunityRegistrationTest" name="getDriver" time="0">
    <skipped/>
  </testcase>
  <testcase classname="org.usgbc.regression.CommunityRegistrationTest" name="testCommunityRegistrationForNonExistingUserToGetRegistered" time="0">
    <skipped/>
  </testcase>
  <testcase classname="org.usgbc.regression.CommunityRegistrationTest" name="closeDriver" time="0">
    <skipped/>
  </testcase>
  <testcase classname="org.usgbc.regression.CommunityRegistrationTest" name="getDriver" time="0.002">
    <skipped/>
  </testcase>
  <testcase classname="org.usgbc.regression.CommunityRegistrationTest" name="testCommunityRegistrationForNonExistingUserToGetRegistered" time="0">
    <skipped/>
  </testcase>
  <testcase classname="org.usgbc.regression.CommunityRegistrationTest" name="closeDriver" time="0">
    <skipped/>
  </testcase>
  <testcase classname="org.usgbc.regression.CommunityRegistrationCountryFieldTest" name="getDriver" time="0.001">
    <skipped/>
  </testcase>
  <testcase classname="org.usgbc.regression.CommunityRegistrationCountryFieldTest" name="testCommunityRegistrationCountryField" time="0">
    <skipped/>
  </testcase>
  <testcase classname="org.usgbc.regression.CommunityRegistrationCountryFieldTest" name="closeDriver" time="0">
    <skipped/>
  </testcase>
  <testcase classname="org.usgbc.regression.UsgbcCoreTest" name="getDriver" time="0.001">
    <skipped/>
  </testcase>
  <testcase classname="org.usgbc.regression.UsgbcCoreTest" name="testUsgbcCoreForExistingUser" time="0">
    <skipped/>
  </testcase>
  <testcase classname="org.usgbc.regression.UsgbcCoreTest" name="closeDriver" time="0">
    <skipped/>
  </testcase>
  <testcase classname="org.usgbc.regression.UsgbcCoreTest" name="getDriver" time="0.001">
    <skipped/>
  </testcase>
  <testcase classname="org.usgbc.regression.UsgbcCoreTest" name="testUsgbcCoreForNonExistingUser" time="0">
    <skipped/>
  </testcase>
  <testcase classname="org.usgbc.regression.UsgbcCoreTest" name="closeDriver" time="0">
    <skipped/>
  </testcase>
  <testcase classname="org.usgbc.regression.UsgbcCoreTest" name="getDriver" time="0">
    <skipped/>
  </testcase>
  <testcase classname="org.usgbc.regression.UsgbcCoreTest" name="testUsgbcCoreForNonExistingUserToGetRegistered" time="0.001">
    <skipped/>
  </testcase>
  <testcase classname="org.usgbc.regression.UsgbcCoreTest" name="closeDriver" time="0.001">
    <skipped/>
  </testcase>
  <testcase classname="org.usgbc.regression.LoggedUserTest" name="getDriver" time="0.002">
    <skipped/>
  </testcase>
  <testcase classname="org.usgbc.regression.LoggedUserTest" name="testLoggedUser" time="0">
    <skipped/>
  </testcase>
  <testcase classname="org.usgbc.regression.LoggedUserTest" name="closeDriver" time="0.002">
    <skipped/>
  </testcase>
  <testcase classname="org.usgbc.regression.LoggedUserTest" name="getDriver" time="0.002">
    <skipped/>
  </testcase>
  <testcase classname="org.usgbc.regression.LoggedUserTest" name="testLoggedUser2" time="0">
    <skipped/>
  </testcase>
  <testcase classname="org.usgbc.regression.LoggedUserTest" name="closeDriver" time="0">
    <skipped/>
  </testcase>
  <testcase classname="org.usgbc.regression.ErrorMessageCommRegTest" name="getDriver" time="0.002">
    <skipped/>
  </testcase>
  <testcase classname="org.usgbc.regression.ErrorMessageCommRegTest" name="testErrorMessagesCommReg" time="0">
    <skipped/>
  </testcase>
  <testcase classname="org.usgbc.regression.ErrorMessageCommRegTest" name="closeDriver" time="0">
    <skipped/>
  </testcase>
  <testcase classname="org.usgbc.regression.ErrorMessageCommRegTest" name="getDriver" time="0">
    <skipped/>
  </testcase>
  <testcase classname="org.usgbc.regression.ErrorMessageCommRegTest" name="testErrorMessagesCommRegCondition2" time="0">
    <skipped/>
  </testcase>
  <testcase classname="org.usgbc.regression.ErrorMessageCommRegTest" name="closeDriver" time="0.001">
    <skipped/>
  </testcase>
  <testcase classname="org.usgbc.regression.ErrorMessageCommRegTest" name="getDriver" time="0.001">
    <skipped/>
  </testcase>
  <testcase classname="org.usgbc.regression.ErrorMessageCommRegTest" name="testErrorMessagesCommRegCondition3" time="0">
    <skipped/>
  </testcase>
  <testcase classname="org.usgbc.regression.ErrorMessageCommRegTest" name="closeDriver" time="0.001">
    <skipped/>
  </testcase>
  <testcase classname="org.usgbc.regression.UsgbcStoreTest" name="getDriver" time="0.002">
    <skipped/>
  </testcase>
  <testcase classname="org.usgbc.regression.UsgbcStoreTest" name="testUsgbcStore" time="0">
    <skipped/>
  </testcase>
  <testcase classname="org.usgbc.regression.UsgbcStoreTest" name="closeDriver" time="0">
    <skipped/>
  </testcase>
  <testcase classname="org.usgbc.regression.UsgbcStoreTest" name="getDriver" time="0">
    <skipped/>
  </testcase>
  <testcase classname="org.usgbc.regression.UsgbcStoreTest" name="testUsgbcStoreGreen" time="0.001">
    <skipped/>
  </testcase>
  <testcase classname="org.usgbc.regression.UsgbcStoreTest" name="closeDriver" time="0.001">
    <skipped/>
  </testcase>
  <testcase classname="org.usgbc.regression.UsgbcStoreTest" name="getDriver" time="0.001">
    <skipped/>
  </testcase>
  <testcase classname="org.usgbc.regression.UsgbcStoreTest" name="testUsgbcStoreGreen2" time="0">
    <skipped/>
  </testcase>
  <testcase classname="org.usgbc.regression.UsgbcStoreTest" name="closeDriver" time="0">
    <skipped/>
  </testcase>
  <testcase classname="org.usgbc.regression.UsgbcStoreTest" name="getDriver" time="0">
    <skipped/>
  </testcase>
  <testcase classname="org.usgbc.regression.UsgbcStoreTest" name="testUsgbcStoreLEED" time="0.001">
    <skipped/>
  </testcase>
  <testcase classname="org.usgbc.regression.UsgbcStoreTest" name="closeDriver" time="0.001">
    <skipped/>
  </testcase>
  <testcase classname="org.usgbc.regression.UsgbcStoreTest" name="getDriver" time="0.001">
    <skipped/>
  </testcase>
  <testcase classname="org.usgbc.regression.UsgbcStoreTest" name="testUsgbcStoreLEED2" time="0">
    <skipped/>
  </testcase>
  <testcase classname="org.usgbc.regression.UsgbcStoreTest" name="closeDriver" time="0">
    <skipped/>
  </testcase>
  <testcase classname="org.usgbc.regression.StoreTest" name="getDriver" time="0.001">
    <skipped/>
  </testcase>
  <testcase classname="org.usgbc.regression.StoreTest" name="testShoppingCartLink" time="0">
    <skipped/>
  </testcase>
  <testcase classname="org.usgbc.regression.StoreTest" name="closeDriver" time="0">
    <skipped/>
  </testcase>
  <testcase classname="org.usgbc.regression.StoreTest" name="getDriver" time="0">
    <skipped/>
  </testcase>
  <testcase classname="org.usgbc.regression.StoreTest" name="testShoppingCartLink2" time="0">
    <skipped/>
  </testcase>
  <testcase classname="org.usgbc.regression.StoreTest" name="closeDriver" time="0.001">
    <skipped/>
  </testcase>
  <testcase classname="org.usgbc.regression.StoreTest" name="getDriver" time="0.001">
    <skipped/>
  </testcase>
  <testcase classname="org.usgbc.regression.StoreTest" name="testShoppingCartLink3" time="0">
    <skipped/>
  </testcase>
  <testcase classname="org.usgbc.regression.StoreTest" name="closeDriver" time="0">
    <skipped/>
  </testcase>
  <testcase classname="org.usgbc.regression.StoreTest" name="getDriver" time="0.001">
    <skipped/>
  </testcase>
  <testcase classname="org.usgbc.regression.StoreTest" name="testStoreGreen" time="0">
    <skipped/>
  </testcase>
  <testcase classname="org.usgbc.regression.StoreTest" name="closeDriver" time="0">
    <skipped/>
  </testcase>
  <testcase classname="org.usgbc.regression.StoreTest" name="getDriver" time="0">
    <skipped/>
  </testcase>
  <testcase classname="org.usgbc.regression.StoreTest" name="testStoreLEED" time="0.001">
    <skipped/>
  </testcase>
  <testcase classname="org.usgbc.regression.StoreTest" name="closeDriver" time="0.001">
    <skipped/>
  </testcase>
  <testcase classname="org.usgbc.regression.StoreTest" name="getDriver" time="0.001">
    <skipped/>
  </testcase>
  <testcase classname="org.usgbc.regression.StoreTest" name="testStoreLEEDandGreen" time="0">
    <skipped/>
  </testcase>
  <testcase classname="org.usgbc.regression.StoreTest" name="closeDriver" time="0">
    <skipped/>
  </testcase>
</testsuite>