<?xml version="1.0" encoding="UTF-8"?>
<!-- Generated by org.testng.reporters.JUnitReportReporter -->
<testsuite skipped="4" hostname="G10GNLT053" name="org.usgbc.regression.LoggedUserTest" tests="4" failures="0" timestamp="08 Nov 2017 14:43:53 GMT" time="0.000" errors="0">
  <testcase name="testLoggedUser" time="0.000" classname="org.usgbc.regression.LoggedUserTest">
    <skipped/>
  </testcase> <!-- testLoggedUser -->
  <testcase name="testLoggedUser2" time="0.000" classname="org.usgbc.regression.LoggedUserTest">
    <skipped/>
  </testcase> <!-- testLoggedUser2 -->
  <testcase name="testLoggedUser" time="0.000" classname="org.usgbc.regression.LoggedUserTest">
    <skipped/>
  </testcase> <!-- testLoggedUser -->
  <testcase name="testLoggedUser2" time="0.000" classname="org.usgbc.regression.LoggedUserTest">
    <skipped/>
  </testcase> <!-- testLoggedUser2 -->
</testsuite> <!-- org.usgbc.regression.LoggedUserTest -->
