<?xml version="1.0" encoding="UTF-8"?>
<!-- Generated by org.testng.reporters.JUnitReportReporter -->
<testsuite skipped="1" hostname="G10GNLT053" name="org.usgbc.utility.Common" tests="1" failures="0" timestamp="08 Nov 2017 12:27:44 GMT" time="0.000" errors="0">
  <testcase name="testCaseOne" time="0.000" classname="org.usgbc.utility.Common">
    <skipped/>
  </testcase> <!-- testCaseOne -->
</testsuite> <!-- org.usgbc.utility.Common -->
