<?xml version="1.0" encoding="UTF-8"?>
<!-- Generated by org.testng.reporters.JUnitReportReporter -->
<testsuite skipped="6" hostname="G10GNLT053" name="org.usgbc.regression.ErrorMessageCommRegTest" tests="6" failures="0" timestamp="08 Nov 2017 14:43:53 GMT" time="0.000" errors="0">
  <testcase name="testErrorMessagesCommReg" time="0.000" classname="org.usgbc.regression.ErrorMessageCommRegTest">
    <skipped/>
  </testcase> <!-- testErrorMessagesCommReg -->
  <testcase name="testErrorMessagesCommRegCondition3" time="0.000" classname="org.usgbc.regression.ErrorMessageCommRegTest">
    <skipped/>
  </testcase> <!-- testErrorMessagesCommRegCondition3 -->
  <testcase name="testErrorMessagesCommRegCondition3" time="0.000" classname="org.usgbc.regression.ErrorMessageCommRegTest">
    <skipped/>
  </testcase> <!-- testErrorMessagesCommRegCondition3 -->
  <testcase name="testErrorMessagesCommRegCondition2" time="0.000" classname="org.usgbc.regression.ErrorMessageCommRegTest">
    <skipped/>
  </testcase> <!-- testErrorMessagesCommRegCondition2 -->
  <testcase name="testErrorMessagesCommRegCondition2" time="0.000" classname="org.usgbc.regression.ErrorMessageCommRegTest">
    <skipped/>
  </testcase> <!-- testErrorMessagesCommRegCondition2 -->
  <testcase name="testErrorMessagesCommReg" time="0.000" classname="org.usgbc.regression.ErrorMessageCommRegTest">
    <skipped/>
  </testcase> <!-- testErrorMessagesCommReg -->
</testsuite> <!-- org.usgbc.regression.ErrorMessageCommRegTest -->
