<?xml version="1.0" encoding="UTF-8"?>
<!-- Generated by org.testng.reporters.JUnitReportReporter -->
<testsuite skipped="6" hostname="G10GGNLT049" name="org.usgbc.regression.StoreTest" tests="6" failures="0" timestamp="14 Nov 2017 06:12:15 GMT" time="0.000" errors="0">
  <testcase name="testStoreLEED" time="0.000" classname="org.usgbc.regression.StoreTest">
    <skipped/>
  </testcase> <!-- testStoreLEED -->
  <testcase name="testShoppingCartLink3" time="0.000" classname="org.usgbc.regression.StoreTest">
    <skipped/>
  </testcase> <!-- testShoppingCartLink3 -->
  <testcase name="testStoreGreen" time="0.000" classname="org.usgbc.regression.StoreTest">
    <skipped/>
  </testcase> <!-- testStoreGreen -->
  <testcase name="testShoppingCartLink" time="0.000" classname="org.usgbc.regression.StoreTest">
    <skipped/>
  </testcase> <!-- testShoppingCartLink -->
  <testcase name="testStoreLEEDandGreen" time="0.000" classname="org.usgbc.regression.StoreTest">
    <skipped/>
  </testcase> <!-- testStoreLEEDandGreen -->
  <testcase name="testShoppingCartLink2" time="0.000" classname="org.usgbc.regression.StoreTest">
    <skipped/>
  </testcase> <!-- testShoppingCartLink2 -->
</testsuite> <!-- org.usgbc.regression.StoreTest -->
