<?xml version="1.0" encoding="UTF-8"?>
<!-- Generated by org.testng.reporters.JUnitReportReporter -->
<testsuite skipped="0" hostname="G10GGNLT049" name="org.usgbc.regression.MembershipTest" tests="1" failures="0" timestamp="14 Nov 2017 17:28:46 GMT" time="141.788" errors="0">
  <testcase name="testMembership" time="141.788" classname="org.usgbc.regression.MembershipTest"/>
</testsuite> <!-- org.usgbc.regression.MembershipTest -->
