<?xml version="1.0" encoding="UTF-8"?>
<!-- Generated by org.testng.reporters.JUnitReportReporter -->
<testsuite skipped="2" hostname="G10GGNLT049" name="org.usgbc.regression.LoggedUserTest" tests="2" failures="0" timestamp="14 Nov 2017 17:28:48 GMT" time="0.000" errors="0">
  <testcase name="testLoggedUser2" time="0.000" classname="org.usgbc.regression.LoggedUserTest">
    <skipped/>
  </testcase> <!-- testLoggedUser2 -->
  <testcase name="testLoggedUser" time="0.000" classname="org.usgbc.regression.LoggedUserTest">
    <skipped/>
  </testcase> <!-- testLoggedUser -->
</testsuite> <!-- org.usgbc.regression.LoggedUserTest -->
