<?xml version="1.0" encoding="UTF-8"?>
<!-- Generated by org.testng.reporters.JUnitReportReporter -->
<testsuite skipped="0" hostname="G10GGNLT049" name="org.usgbc.regression.CommunityRegistrationCountryFieldTest" tests="1" failures="0" timestamp="14 Nov 2017 17:28:48 GMT" time="8.132" errors="0">
  <testcase name="testCommunityRegistrationCountryField" time="8.132" classname="org.usgbc.regression.CommunityRegistrationCountryFieldTest"/>
</testsuite> <!-- org.usgbc.regression.CommunityRegistrationCountryFieldTest -->
