<?xml version="1.0" encoding="UTF-8"?>
<!-- Generated by org.testng.reporters.JUnitReportReporter -->
<testsuite skipped="12" hostname="G10GNLT053" name="org.usgbc.regression.StoreTest" tests="12" failures="0" timestamp="08 Nov 2017 14:43:53 GMT" time="0.002" errors="0">
  <testcase name="testShoppingCartLink" time="0.000" classname="org.usgbc.regression.StoreTest">
    <skipped/>
  </testcase> <!-- testShoppingCartLink -->
  <testcase name="testShoppingCartLink3" time="0.001" classname="org.usgbc.regression.StoreTest">
    <skipped/>
  </testcase> <!-- testShoppingCartLink3 -->
  <testcase name="testShoppingCartLink2" time="0.000" classname="org.usgbc.regression.StoreTest">
    <skipped/>
  </testcase> <!-- testShoppingCartLink2 -->
  <testcase name="testStoreLEED" time="0.000" classname="org.usgbc.regression.StoreTest">
    <skipped/>
  </testcase> <!-- testStoreLEED -->
  <testcase name="testShoppingCartLink" time="0.000" classname="org.usgbc.regression.StoreTest">
    <skipped/>
  </testcase> <!-- testShoppingCartLink -->
  <testcase name="testShoppingCartLink2" time="0.000" classname="org.usgbc.regression.StoreTest">
    <skipped/>
  </testcase> <!-- testShoppingCartLink2 -->
  <testcase name="testStoreLEEDandGreen" time="0.000" classname="org.usgbc.regression.StoreTest">
    <skipped/>
  </testcase> <!-- testStoreLEEDandGreen -->
  <testcase name="testStoreGreen" time="0.000" classname="org.usgbc.regression.StoreTest">
    <skipped/>
  </testcase> <!-- testStoreGreen -->
  <testcase name="testShoppingCartLink3" time="0.000" classname="org.usgbc.regression.StoreTest">
    <skipped/>
  </testcase> <!-- testShoppingCartLink3 -->
  <testcase name="testStoreLEEDandGreen" time="0.001" classname="org.usgbc.regression.StoreTest">
    <skipped/>
  </testcase> <!-- testStoreLEEDandGreen -->
  <testcase name="testStoreLEED" time="0.000" classname="org.usgbc.regression.StoreTest">
    <skipped/>
  </testcase> <!-- testStoreLEED -->
  <testcase name="testStoreGreen" time="0.000" classname="org.usgbc.regression.StoreTest">
    <skipped/>
  </testcase> <!-- testStoreGreen -->
</testsuite> <!-- org.usgbc.regression.StoreTest -->
