<?xml version="1.0" encoding="UTF-8"?>
<!-- Generated by org.testng.reporters.JUnitReportReporter -->
<testsuite skipped="3" hostname="G10GGNLT049" name="org.usgbc.regression.UsgbcCoreTest" tests="3" failures="0" timestamp="14 Nov 2017 06:12:15 GMT" time="0.000" errors="0">
  <testcase name="testUsgbcCoreForExistingUser" time="0.000" classname="org.usgbc.regression.UsgbcCoreTest">
    <skipped/>
  </testcase> <!-- testUsgbcCoreForExistingUser -->
  <testcase name="testUsgbcCoreForNonExistingUser" time="0.000" classname="org.usgbc.regression.UsgbcCoreTest">
    <skipped/>
  </testcase> <!-- testUsgbcCoreForNonExistingUser -->
  <testcase name="testUsgbcCoreForNonExistingUserToGetRegistered" time="0.000" classname="org.usgbc.regression.UsgbcCoreTest">
    <skipped/>
  </testcase> <!-- testUsgbcCoreForNonExistingUserToGetRegistered -->
</testsuite> <!-- org.usgbc.regression.UsgbcCoreTest -->
