<?xml version="1.0" encoding="UTF-8"?>
<!-- Generated by org.testng.reporters.JUnitReportReporter -->
<testsuite skipped="2" hostname="G10GNLT053" name="org.usgbc.regression.MembershipTest" tests="2" failures="0" timestamp="08 Nov 2017 14:43:53 GMT" time="0.000" errors="0">
  <testcase name="testMembership" time="0.000" classname="org.usgbc.regression.MembershipTest">
    <skipped/>
  </testcase> <!-- testMembership -->
  <testcase name="testMembership" time="0.000" classname="org.usgbc.regression.MembershipTest">
    <skipped/>
  </testcase> <!-- testMembership -->
</testsuite> <!-- org.usgbc.regression.MembershipTest -->
