<?xml version="1.0" encoding="UTF-8"?>
<!-- Generated by org.testng.reporters.JUnitReportReporter -->
<testsuite hostname="G10GGNLT049" name="com.usgbc.dev.regression.StoreTest" tests="1" failures="0" timestamp="2 Nov 2017 02:10:56 GMT" time="129.222" errors="0">
  <testcase name="testStoreGreen" time="129.222" classname="com.usgbc.dev.regression.StoreTest"/>
</testsuite> <!-- com.usgbc.dev.regression.StoreTest -->
