<?xml version="1.0" encoding="UTF-8"?>
<!-- Generated by org.testng.reporters.JUnitReportReporter -->
<testsuite skipped="1" hostname="G10GGNLT049" name="org.usgbc.regression.MembershipTest" tests="1" failures="0" timestamp="14 Nov 2017 06:12:15 GMT" time="0.000" errors="0">
  <testcase name="testMembership" time="0.000" classname="org.usgbc.regression.MembershipTest">
    <skipped/>
  </testcase> <!-- testMembership -->
</testsuite> <!-- org.usgbc.regression.MembershipTest -->
