<?xml version="1.0" encoding="UTF-8"?>
<!-- Generated by org.testng.reporters.JUnitReportReporter -->
<testsuite hostname="G10GGNLT049" name="com.usgbc.dev.regression.MembershipTest" tests="1" failures="0" timestamp="2 Nov 2017 02:32:28 GMT" time="84.108" errors="0">
  <testcase name="testMembership" time="84.108" classname="com.usgbc.dev.regression.MembershipTest"/>
</testsuite> <!-- com.usgbc.dev.regression.MembershipTest -->
