<?xml version="1.0" encoding="UTF-8"?>
<!-- Generated by org.testng.reporters.JUnitReportReporter -->
<testsuite skipped="0" hostname="G10GGNLT049" name="org.usgbc.regression.ErrorMessageCommRegTest" tests="3" failures="0" timestamp="14 Nov 2017 17:28:48 GMT" time="72.493" errors="0">
  <testcase name="testErrorMessagesCommRegCondition3" time="27.028" classname="org.usgbc.regression.ErrorMessageCommRegTest"/>
  <testcase name="testErrorMessagesCommRegCondition2" time="24.453" classname="org.usgbc.regression.ErrorMessageCommRegTest"/>
  <testcase name="testErrorMessagesCommReg" time="21.012" classname="org.usgbc.regression.ErrorMessageCommRegTest"/>
</testsuite> <!-- org.usgbc.regression.ErrorMessageCommRegTest -->
