<?xml version="1.0" encoding="UTF-8"?>
<!-- Generated by org.testng.reporters.JUnitReportReporter -->
<testsuite skipped="5" hostname="G10GGNLT049" name="org.usgbc.regression.UsgbcStoreTest" tests="5" failures="0" timestamp="14 Nov 2017 06:12:15 GMT" time="0.000" errors="0">
  <testcase name="testUsgbcStoreGreen2" time="0.000" classname="org.usgbc.regression.UsgbcStoreTest">
    <skipped/>
  </testcase> <!-- testUsgbcStoreGreen2 -->
  <testcase name="testUsgbcStoreLEED" time="0.000" classname="org.usgbc.regression.UsgbcStoreTest">
    <skipped/>
  </testcase> <!-- testUsgbcStoreLEED -->
  <testcase name="testUsgbcStoreGreen" time="0.000" classname="org.usgbc.regression.UsgbcStoreTest">
    <skipped/>
  </testcase> <!-- testUsgbcStoreGreen -->
  <testcase name="testUsgbcStore" time="0.000" classname="org.usgbc.regression.UsgbcStoreTest">
    <skipped/>
  </testcase> <!-- testUsgbcStore -->
  <testcase name="testUsgbcStoreLEED2" time="0.000" classname="org.usgbc.regression.UsgbcStoreTest">
    <skipped/>
  </testcase> <!-- testUsgbcStoreLEED2 -->
</testsuite> <!-- org.usgbc.regression.UsgbcStoreTest -->
