<?xml version="1.0" encoding="UTF-8"?>
<!-- Generated by org.testng.reporters.JUnitReportReporter -->
<testsuite skipped="2" hostname="G10GNLT053" name="org.usgbc.regression.CommunityRegistrationCountryFieldTest" tests="2" failures="0" timestamp="08 Nov 2017 14:43:53 GMT" time="0.001" errors="0">
  <testcase name="testCommunityRegistrationCountryField" time="0.001" classname="org.usgbc.regression.CommunityRegistrationCountryFieldTest">
    <skipped/>
  </testcase> <!-- testCommunityRegistrationCountryField -->
  <testcase name="testCommunityRegistrationCountryField" time="0.000" classname="org.usgbc.regression.CommunityRegistrationCountryFieldTest">
    <skipped/>
  </testcase> <!-- testCommunityRegistrationCountryField -->
</testsuite> <!-- org.usgbc.regression.CommunityRegistrationCountryFieldTest -->
