<?xml version="1.0" encoding="UTF-8"?>
<!-- Generated by org.testng.reporters.JUnitReportReporter -->
<testsuite hostname="G10GGNLT049" name="com.usgbc.dev.regression.ErrorMessageCommRegTest" tests="3" failures="0" timestamp="2 Nov 2017 05:32:12 GMT" time="59.365" errors="0">
  <testcase name="testErrorMessagesCommRegCondition3" time="22.465" classname="com.usgbc.dev.regression.ErrorMessageCommRegTest"/>
  <testcase name="testErrorMessagesCommReg" time="17.000" classname="com.usgbc.dev.regression.ErrorMessageCommRegTest"/>
  <testcase name="testErrorMessagesCommRegCondition2" time="19.900" classname="com.usgbc.dev.regression.ErrorMessageCommRegTest"/>
</testsuite> <!-- com.usgbc.dev.regression.ErrorMessageCommRegTest -->
