<?xml version="1.0" encoding="UTF-8"?>
<!-- Generated by org.testng.reporters.JUnitReportReporter -->
<testsuite hostname="G10GGNLT049" name="com.usgbc.dev.regression.UsgbcStoreTest" tests="5" failures="0" timestamp="1 Nov 2017 16:23:31 GMT" time="696.278" errors="0">
  <testcase name="testUsgbcStoreGreen" time="206.006" classname="com.usgbc.dev.regression.UsgbcStoreTest"/>
  <testcase name="testUsgbcStoreGreen2" time="177.310" classname="com.usgbc.dev.regression.UsgbcStoreTest"/>
  <testcase name="testUsgbcStoreLEED2" time="149.406" classname="com.usgbc.dev.regression.UsgbcStoreTest"/>
  <testcase name="testUsgbcStoreLEED" time="146.230" classname="com.usgbc.dev.regression.UsgbcStoreTest"/>
  <testcase name="testUsgbcStore" time="17.326" classname="com.usgbc.dev.regression.UsgbcStoreTest"/>
</testsuite> <!-- com.usgbc.dev.regression.UsgbcStoreTest -->
