<?xml version="1.0" encoding="UTF-8"?>
<!-- Generated by org.testng.reporters.JUnitReportReporter -->
<testsuite hostname="G10GGNLT049" name="com.usgbc.dev.regression.ErrorMessageCommRegTest" tests="3" failures="0" timestamp="1 Nov 2017 16:23:31 GMT" time="112.233" errors="0">
  <testcase name="testErrorMessagesCommRegCondition2" time="37.234" classname="com.usgbc.dev.regression.ErrorMessageCommRegTest"/>
  <testcase name="testErrorMessagesCommReg" time="31.960" classname="com.usgbc.dev.regression.ErrorMessageCommRegTest"/>
  <testcase name="testErrorMessagesCommRegCondition3" time="43.039" classname="com.usgbc.dev.regression.ErrorMessageCommRegTest"/>
</testsuite> <!-- com.usgbc.dev.regression.ErrorMessageCommRegTest -->
