<?xml version="1.0" encoding="UTF-8"?>
<!-- Generated by org.testng.reporters.JUnitReportReporter -->
<testsuite hostname="G10GGNLT049" name="com.usgbc.dev.regression.UsgbcStoreTest" tests="5" failures="0" timestamp="2 Nov 2017 04:07:49 GMT" time="580.359" errors="0">
  <testcase name="testUsgbcStoreGreen" time="151.995" classname="com.usgbc.dev.regression.UsgbcStoreTest"/>
  <testcase name="testUsgbcStore" time="14.816" classname="com.usgbc.dev.regression.UsgbcStoreTest"/>
  <testcase name="testUsgbcStoreLEED2" time="134.575" classname="com.usgbc.dev.regression.UsgbcStoreTest"/>
  <testcase name="testUsgbcStoreGreen2" time="144.105" classname="com.usgbc.dev.regression.UsgbcStoreTest"/>
  <testcase name="testUsgbcStoreLEED" time="134.868" classname="com.usgbc.dev.regression.UsgbcStoreTest"/>
</testsuite> <!-- com.usgbc.dev.regression.UsgbcStoreTest -->
