<?xml version="1.0" encoding="UTF-8"?>
<!-- Generated by org.testng.reporters.JUnitReportReporter -->
<testsuite hostname="G10GGNLT049" name="com.usgbc.dev.regression.ErrorMessageCommRegTest" tests="3" failures="0" timestamp="2 Nov 2017 04:07:49 GMT" time="58.315" errors="0">
  <testcase name="testErrorMessagesCommReg" time="17.146" classname="com.usgbc.dev.regression.ErrorMessageCommRegTest"/>
  <testcase name="testErrorMessagesCommRegCondition2" time="19.867" classname="com.usgbc.dev.regression.ErrorMessageCommRegTest"/>
  <testcase name="testErrorMessagesCommRegCondition3" time="21.302" classname="com.usgbc.dev.regression.ErrorMessageCommRegTest"/>
</testsuite> <!-- com.usgbc.dev.regression.ErrorMessageCommRegTest -->
