<?xml version="1.0" encoding="UTF-8"?>
<!-- Generated by org.testng.reporters.JUnitReportReporter -->
<testsuite hostname="G10GGNLT049" name="com.usgbc.dev.regression.CommunityRegistrationCountryFieldTest" tests="1" failures="0" timestamp="2 Nov 2017 05:32:12 GMT" time="7.206" errors="0">
  <testcase name="testCommunityRegistrationCountryField" time="7.206" classname="com.usgbc.dev.regression.CommunityRegistrationCountryFieldTest"/>
</testsuite> <!-- com.usgbc.dev.regression.CommunityRegistrationCountryFieldTest -->
